<?xml version="1.0" encoding="UTF-8"?>
<coverage generated="1783348092096" clover="3.2.0">
  <project timestamp="1783348092096" name="All files">
    <metrics statements="810" coveredstatements="409" conditionals="636" coveredconditionals="335" methods="134" coveredmethods="56" elements="1580" coveredelements="800" complexity="0" loc="810" ncloc="810" packages="2" files="13" classes="13"/>
    <package name="services">
      <metrics statements="802" coveredstatements="407" conditionals="627" coveredconditionals="329" methods="133" coveredmethods="56"/>
      <file name="adminService.ts" path="F:\GITHUB\Match-Mind\backend\src\services\adminService.ts">
        <metrics statements="15" coveredstatements="0" conditionals="7" coveredconditionals="0" methods="3" coveredmethods="0"/>
        <line num="39" count="0" type="stmt"/>
        <line num="46" count="0" type="stmt"/>
        <line num="48" count="0" type="stmt"/>
        <line num="58" count="0" type="stmt"/>
        <line num="59" count="0" type="stmt"/>
        <line num="60" count="0" type="stmt"/>
        <line num="61" count="0" type="stmt"/>
        <line num="62" count="0" type="stmt"/>
        <line num="63" count="0" type="stmt"/>
        <line num="64" count="0" type="stmt"/>
        <line num="67" count="0" type="stmt"/>
        <line num="73" count="0" type="stmt"/>
        <line num="94" count="0" type="stmt"/>
        <line num="95" count="0" type="stmt"/>
        <line num="103" count="0" type="stmt"/>
      </file>
      <file name="auctionEngine.ts" path="F:\GITHUB\Match-Mind\backend\src\services\auctionEngine.ts">
        <metrics statements="140" coveredstatements="134" conditionals="83" coveredconditionals="68" methods="19" coveredmethods="18"/>
        <line num="59" count="3" type="stmt"/>
        <line num="62" count="26" type="cond" truecount="2" falsecount="0"/>
        <line num="63" count="3" type="stmt"/>
        <line num="65" count="26" type="stmt"/>
        <line num="71" count="16" type="stmt"/>
        <line num="72" count="46" type="cond" truecount="2" falsecount="0"/>
        <line num="73" count="16" type="stmt"/>
        <line num="76" count="0" type="stmt"/>
        <line num="91" count="9" type="stmt"/>
        <line num="92" count="9" type="stmt"/>
        <line num="93" count="22" type="cond" truecount="1" falsecount="1"/>
        <line num="94" count="22" type="stmt"/>
        <line num="99" count="9" type="stmt"/>
        <line num="106" count="9" type="cond" truecount="2" falsecount="0"/>
        <line num="107" count="2" type="stmt"/>
        <line num="111" count="7" type="stmt"/>
        <line num="114" count="7" type="stmt"/>
        <line num="115" count="7" type="stmt"/>
        <line num="116" count="28" type="stmt"/>
        <line num="120" count="7" type="stmt"/>
        <line num="122" count="28" type="stmt"/>
        <line num="123" count="7" type="cond" truecount="2" falsecount="0"/>
        <line num="126" count="6" type="stmt"/>
        <line num="128" count="6" type="cond" truecount="2" falsecount="0"/>
        <line num="129" count="1" type="stmt"/>
        <line num="135" count="5" type="stmt"/>
        <line num="151" count="9" type="stmt"/>
        <line num="153" count="9" type="stmt"/>
        <line num="155" count="9" type="stmt"/>
        <line num="156" count="9" type="cond" truecount="1" falsecount="1"/>
        <line num="159" count="9" type="cond" truecount="2" falsecount="0"/>
        <line num="160" count="1" type="stmt"/>
        <line num="164" count="8" type="stmt"/>
        <line num="165" count="8" type="cond" truecount="5" falsecount="0"/>
        <line num="166" count="1" type="stmt"/>
        <line num="168" count="7" type="cond" truecount="2" falsecount="0"/>
        <line num="169" count="1" type="stmt"/>
        <line num="171" count="6" type="cond" truecount="2" falsecount="0"/>
        <line num="172" count="1" type="stmt"/>
        <line num="176" count="5" type="stmt"/>
        <line num="177" count="5" type="cond" truecount="2" falsecount="0"/>
        <line num="180" count="4" type="stmt"/>
        <line num="181" count="4" type="cond" truecount="2" falsecount="0"/>
        <line num="182" count="1" type="stmt"/>
        <line num="186" count="3" type="stmt"/>
        <line num="187" count="3" type="cond" truecount="2" falsecount="0"/>
        <line num="189" count="2" type="stmt"/>
        <line num="190" count="2" type="stmt"/>
        <line num="191" count="2" type="stmt"/>
        <line num="196" count="0" type="cond" truecount="0" falsecount="2"/>
        <line num="199" count="2" type="cond" truecount="1" falsecount="1"/>
        <line num="200" count="0" type="stmt"/>
        <line num="204" count="2" type="stmt"/>
        <line num="205" count="2" type="cond" truecount="1" falsecount="1"/>
        <line num="208" count="9" type="stmt"/>
        <line num="211" count="9" type="stmt"/>
        <line num="212" count="9" type="cond" truecount="2" falsecount="0"/>
        <line num="213" count="1" type="stmt"/>
        <line num="216" count="2" type="stmt"/>
        <line num="225" count="2" type="stmt"/>
        <line num="228" count="2" type="stmt"/>
        <line num="237" count="2" type="stmt"/>
        <line num="246" count="2" type="stmt"/>
        <line num="257" count="4" type="stmt"/>
        <line num="259" count="4" type="stmt"/>
        <line num="260" count="4" type="stmt"/>
        <line num="261" count="4" type="cond" truecount="4" falsecount="0"/>
        <line num="263" count="3" type="stmt"/>
        <line num="269" count="3" type="stmt"/>
        <line num="270" count="3" type="stmt"/>
        <line num="281" count="2" type="stmt"/>
        <line num="283" count="2" type="stmt"/>
        <line num="284" count="2" type="stmt"/>
        <line num="285" count="2" type="cond" truecount="3" falsecount="1"/>
        <line num="287" count="2" type="stmt"/>
        <line num="288" count="2" type="stmt"/>
        <line num="301" count="2" type="stmt"/>
        <line num="302" count="2" type="stmt"/>
        <line num="313" count="5" type="stmt"/>
        <line num="315" count="5" type="stmt"/>
        <line num="316" count="5" type="stmt"/>
        <line num="317" count="5" type="cond" truecount="1" falsecount="1"/>
        <line num="319" count="5" type="stmt"/>
        <line num="320" count="5" type="stmt"/>
        <line num="322" count="5" type="cond" truecount="2" falsecount="0"/>
        <line num="324" count="2" type="cond" truecount="2" falsecount="0"/>
        <line num="326" count="1" type="stmt"/>
        <line num="335" count="1" type="stmt"/>
        <line num="336" count="1" type="stmt"/>
        <line num="340" count="1" type="stmt"/>
        <line num="349" count="1" type="stmt"/>
        <line num="350" count="1" type="stmt"/>
        <line num="353" count="3" type="stmt"/>
        <line num="364" count="3" type="stmt"/>
        <line num="365" count="3" type="stmt"/>
        <line num="389" count="5" type="stmt"/>
        <line num="391" count="5" type="stmt"/>
        <line num="392" count="5" type="stmt"/>
        <line num="393" count="5" type="cond" truecount="4" falsecount="0"/>
        <line num="394" count="4" type="cond" truecount="1" falsecount="1"/>
        <line num="396" count="4" type="stmt"/>
        <line num="397" count="4" type="stmt"/>
        <line num="400" count="4" type="cond" truecount="2" falsecount="0"/>
        <line num="403" count="3" type="cond" truecount="5" falsecount="0"/>
        <line num="405" count="2" type="stmt"/>
        <line num="406" count="2" type="stmt"/>
        <line num="414" count="2" type="stmt"/>
        <line num="419" count="2" type="stmt"/>
        <line num="422" count="2" type="stmt"/>
        <line num="423" count="2" type="stmt"/>
        <line num="426" count="1" type="stmt"/>
        <line num="429" count="1" type="cond" truecount="1" falsecount="1"/>
        <line num="432" count="1" type="stmt"/>
        <line num="444" count="3" type="stmt"/>
        <line num="445" count="3" type="cond" truecount="1" falsecount="1"/>
        <line num="447" count="3" type="stmt"/>
        <line num="448" count="3" type="stmt"/>
        <line num="450" count="3" type="cond" truecount="2" falsecount="0"/>
        <line num="452" count="1" type="cond" truecount="1" falsecount="1"/>
        <line num="454" count="0" type="stmt"/>
        <line num="463" count="0" type="stmt"/>
        <line num="464" count="0" type="stmt"/>
        <line num="467" count="1" type="stmt"/>
        <line num="476" count="1" type="stmt"/>
        <line num="477" count="1" type="stmt"/>
        <line num="480" count="2" type="stmt"/>
        <line num="490" count="2" type="stmt"/>
        <line num="491" count="2" type="stmt"/>
        <line num="500" count="1" type="stmt"/>
        <line num="501" count="1" type="stmt"/>
        <line num="513" count="1" type="stmt"/>
        <line num="514" count="1" type="stmt"/>
        <line num="524" count="1" type="stmt"/>
        <line num="526" count="1" type="stmt"/>
        <line num="527" count="1" type="stmt"/>
        <line num="528" count="1" type="cond" truecount="3" falsecount="1"/>
        <line num="530" count="1" type="stmt"/>
        <line num="531" count="1" type="stmt"/>
        <line num="543" count="1" type="stmt"/>
        <line num="544" count="1" type="stmt"/>
      </file>
      <file name="authService.ts" path="F:\GITHUB\Match-Mind\backend\src\services\authService.ts">
        <metrics statements="61" coveredstatements="2" conditionals="28" coveredconditionals="0" methods="9" coveredmethods="0"/>
        <line num="15" count="2" type="stmt"/>
        <line num="16" count="2" type="stmt"/>
        <line num="29" count="0" type="stmt"/>
        <line num="30" count="0" type="stmt"/>
        <line num="32" count="0" type="cond" truecount="0" falsecount="4"/>
        <line num="33" count="0" type="stmt"/>
        <line num="36" count="0" type="stmt"/>
        <line num="54" count="0" type="stmt"/>
        <line num="55" count="0" type="stmt"/>
        <line num="59" count="0" type="cond" truecount="0" falsecount="2"/>
        <line num="61" count="0" type="stmt"/>
        <line num="62" count="0" type="stmt"/>
        <line num="71" count="0" type="stmt"/>
        <line num="75" count="0" type="cond" truecount="0" falsecount="2"/>
        <line num="76" count="0" type="stmt"/>
        <line num="80" count="0" type="stmt"/>
        <line num="119" count="0" type="stmt"/>
        <line num="128" count="0" type="stmt"/>
        <line num="131" count="0" type="stmt"/>
        <line num="132" count="0" type="cond" truecount="0" falsecount="2"/>
        <line num="133" count="0" type="stmt"/>
        <line num="137" count="0" type="stmt"/>
        <line num="140" count="0" type="stmt"/>
        <line num="148" count="0" type="stmt"/>
        <line num="153" count="0" type="stmt"/>
        <line num="155" count="0" type="stmt"/>
        <line num="156" count="0" type="stmt"/>
        <line num="158" count="0" type="stmt"/>
        <line num="177" count="0" type="stmt"/>
        <line num="179" count="0" type="stmt"/>
        <line num="180" count="0" type="cond" truecount="0" falsecount="4"/>
        <line num="181" count="0" type="stmt"/>
        <line num="184" count="0" type="stmt"/>
        <line num="185" count="0" type="cond" truecount="0" falsecount="2"/>
        <line num="186" count="0" type="stmt"/>
        <line num="189" count="0" type="stmt"/>
        <line num="190" count="0" type="stmt"/>
        <line num="192" count="0" type="stmt"/>
        <line num="210" count="0" type="stmt"/>
        <line num="211" count="0" type="cond" truecount="0" falsecount="2"/>
        <line num="212" count="0" type="stmt"/>
        <line num="216" count="0" type="stmt"/>
        <line num="217" count="0" type="stmt"/>
        <line num="219" count="0" type="stmt"/>
        <line num="222" count="0" type="stmt"/>
        <line num="223" count="0" type="cond" truecount="0" falsecount="2"/>
        <line num="224" count="0" type="stmt"/>
        <line num="227" count="0" type="stmt"/>
        <line num="228" count="0" type="stmt"/>
        <line num="235" count="0" type="cond" truecount="0" falsecount="2"/>
        <line num="236" count="0" type="stmt"/>
        <line num="237" count="0" type="stmt"/>
        <line num="239" count="0" type="stmt"/>
        <line num="240" count="0" type="cond" truecount="0" falsecount="2"/>
        <line num="241" count="0" type="stmt"/>
        <line num="246" count="0" type="stmt"/>
        <line num="260" count="0" type="stmt"/>
        <line num="261" count="0" type="stmt"/>
        <line num="262" count="0" type="stmt"/>
        <line num="263" count="0" type="stmt"/>
        <line num="264" count="0" type="stmt"/>
      </file>
      <file name="draftRunService.ts" path="F:\GITHUB\Match-Mind\backend\src\services\draftRunService.ts">
        <metrics statements="139" coveredstatements="128" conditionals="143" coveredconditionals="119" methods="15" coveredmethods="15"/>
        <line num="67" count="1" type="stmt"/>
        <line num="68" count="1" type="stmt"/>
        <line num="77" count="7" type="stmt"/>
        <line num="78" count="7" type="cond" truecount="2" falsecount="0"/>
        <line num="79" count="6" type="cond" truecount="2" falsecount="0"/>
        <line num="80" count="5" type="cond" truecount="2" falsecount="0"/>
        <line num="81" count="3" type="stmt"/>
        <line num="85" count="2" type="stmt"/>
        <line num="89" count="2" type="cond" truecount="2" falsecount="0"/>
        <line num="90" count="1" type="stmt"/>
        <line num="94" count="1" type="stmt"/>
        <line num="95" count="1" type="stmt"/>
        <line num="115" count="1" type="stmt"/>
        <line num="120" count="1" type="stmt"/>
        <line num="127" count="1" type="stmt"/>
        <line num="137" count="9" type="stmt"/>
        <line num="138" count="9" type="cond" truecount="2" falsecount="0"/>
        <line num="139" count="8" type="cond" truecount="2" falsecount="0"/>
        <line num="141" count="7" type="stmt"/>
        <line num="145" count="7" type="cond" truecount="2" falsecount="0"/>
        <line num="146" count="1" type="stmt"/>
        <line num="150" count="6" type="stmt"/>
        <line num="154" count="6" type="stmt"/>
        <line num="155" count="2" type="stmt"/>
        <line num="156" count="2" type="stmt"/>
        <line num="164" count="6" type="cond" truecount="2" falsecount="0"/>
        <line num="165" count="9" type="cond" truecount="2" falsecount="0"/>
        <line num="168" count="9" type="stmt"/>
        <line num="169" count="9" type="cond" truecount="1" falsecount="1"/>
        <line num="171" count="9" type="cond" truecount="2" falsecount="0"/>
        <line num="172" count="1" type="stmt"/>
        <line num="173" count="1" type="stmt"/>
        <line num="185" count="6" type="cond" truecount="5" falsecount="0"/>
        <line num="189" count="9" type="stmt"/>
        <line num="215" count="26" type="stmt"/>
        <line num="216" count="26" type="cond" truecount="2" falsecount="0"/>
        <line num="217" count="25" type="cond" truecount="2" falsecount="0"/>
        <line num="219" count="24" type="stmt"/>
        <line num="223" count="24" type="cond" truecount="2" falsecount="0"/>
        <line num="224" count="1" type="stmt"/>
        <line num="227" count="23" type="cond" truecount="2" falsecount="0"/>
        <line num="228" count="1" type="stmt"/>
        <line num="232" count="22" type="stmt"/>
        <line num="236" count="22" type="stmt"/>
        <line num="237" count="23" type="stmt"/>
        <line num="238" count="23" type="stmt"/>
        <line num="247" count="22" type="stmt"/>
        <line num="249" count="22" type="cond" truecount="2" falsecount="0"/>
        <line num="250" count="1" type="stmt"/>
        <line num="257" count="21" type="stmt"/>
        <line num="259" count="21" type="cond" truecount="1" falsecount="1"/>
        <line num="260" count="0" type="stmt"/>
        <line num="267" count="21" type="stmt"/>
        <line num="271" count="21" type="cond" truecount="1" falsecount="1"/>
        <line num="272" count="0" type="stmt"/>
        <line num="275" count="21" type="stmt"/>
        <line num="285" count="26" type="cond" truecount="2" falsecount="0"/>
        <line num="286" count="26" type="cond" truecount="2" falsecount="0"/>
        <line num="288" count="26" type="stmt"/>
        <line num="313" count="22" type="stmt"/>
        <line num="320" count="22" type="stmt"/>
        <line num="344" count="21" type="stmt"/>
        <line num="346" count="21" type="stmt"/>
        <line num="350" count="21" type="cond" truecount="3" falsecount="1"/>
        <line num="351" count="0" type="stmt"/>
        <line num="356" count="0" type="stmt"/>
        <line num="360" count="21" type="stmt"/>
        <line num="363" count="23" type="stmt"/>
        <line num="366" count="23" type="stmt"/>
        <line num="369" count="21" type="stmt"/>
        <line num="370" count="21" type="stmt"/>
        <line num="372" count="21" type="stmt"/>
        <line num="373" count="23" type="stmt"/>
        <line num="374" count="23" type="cond" truecount="1" falsecount="1"/>
        <line num="376" count="0" type="stmt"/>
        <line num="377" count="0" type="stmt"/>
        <line num="381" count="23" type="stmt"/>
        <line num="385" count="23" type="cond" truecount="4" falsecount="0"/>
        <line num="386" count="1" type="stmt"/>
        <line num="387" count="1" type="stmt"/>
        <line num="388" count="1" type="stmt"/>
        <line num="391" count="22" type="stmt"/>
        <line num="392" count="22" type="cond" truecount="1" falsecount="1"/>
        <line num="393" count="22" type="stmt"/>
        <line num="394" count="22" type="stmt"/>
        <line num="395" count="22" type="stmt"/>
        <line num="400" count="21" type="cond" truecount="1" falsecount="3"/>
        <line num="403" count="21" type="stmt"/>
        <line num="404" count="21" type="stmt"/>
        <line num="407" count="21" type="stmt"/>
        <line num="412" count="21" type="stmt"/>
        <line num="414" count="21" type="cond" truecount="2" falsecount="0"/>
        <line num="415" count="1" type="stmt"/>
        <line num="416" count="20" type="cond" truecount="1" falsecount="1"/>
        <line num="417" count="20" type="stmt"/>
        <line num="419" count="0" type="stmt"/>
        <line num="422" count="21" type="cond" truecount="2" falsecount="0"/>
        <line num="423" count="21" type="cond" truecount="2" falsecount="0"/>
        <line num="424" count="21" type="cond" truecount="1" falsecount="1"/>
        <line num="427" count="21" type="stmt"/>
        <line num="428" count="21" type="stmt"/>
        <line num="429" count="21" type="stmt"/>
        <line num="431" count="21" type="cond" truecount="2" falsecount="0"/>
        <line num="432" count="2" type="stmt"/>
        <line num="433" count="2" type="stmt"/>
        <line num="434" count="19" type="cond" truecount="1" falsecount="1"/>
        <line num="435" count="0" type="stmt"/>
        <line num="436" count="0" type="stmt"/>
        <line num="440" count="21" type="stmt"/>
        <line num="441" count="126" type="cond" truecount="2" falsecount="0"/>
        <line num="442" count="1" type="stmt"/>
        <line num="445" count="21" type="stmt"/>
        <line num="446" count="21" type="stmt"/>
        <line num="456" count="21" type="cond" truecount="1" falsecount="1"/>
        <line num="457" count="21" type="stmt"/>
        <line num="460" count="21" type="stmt"/>
        <line num="477" count="21" type="cond" truecount="2" falsecount="0"/>
        <line num="478" count="2" type="stmt"/>
        <line num="484" count="21" type="stmt"/>
        <line num="497" count="21" type="stmt"/>
        <line num="511" count="0" type="stmt"/>
        <line num="517" count="0" type="stmt"/>
        <line num="524" count="22" type="stmt"/>
        <line num="527" count="22" type="cond" truecount="2" falsecount="0"/>
        <line num="528" count="4" type="cond" truecount="2" falsecount="0"/>
        <line num="531" count="22" type="cond" truecount="4" falsecount="0"/>
        <line num="532" count="22" type="cond" truecount="2" falsecount="0"/>
        <line num="535" count="22" type="cond" truecount="2" falsecount="0"/>
        <line num="538" count="22" type="cond" truecount="4" falsecount="0"/>
        <line num="539" count="5" type="cond" truecount="3" falsecount="1"/>
        <line num="543" count="22" type="cond" truecount="2" falsecount="0"/>
        <line num="546" count="22" type="cond" truecount="2" falsecount="0"/>
        <line num="549" count="22" type="cond" truecount="2" falsecount="0"/>
        <line num="550" count="22" type="cond" truecount="2" falsecount="0"/>
        <line num="553" count="22" type="cond" truecount="2" falsecount="0"/>
        <line num="554" count="22" type="cond" truecount="2" falsecount="0"/>
        <line num="557" count="22" type="cond" truecount="6" falsecount="0"/>
        <line num="558" count="1" type="stmt"/>
        <line num="561" count="22" type="stmt"/>
      </file>
      <file name="draftService.ts" path="F:\GITHUB\Match-Mind\backend\src\services\draftService.ts">
        <metrics statements="250" coveredstatements="0" conditionals="176" coveredconditionals="0" methods="50" coveredmethods="0"/>
        <line num="93" count="0" type="stmt"/>
        <line num="96" count="0" type="cond" truecount="0" falsecount="2"/>
        <line num="97" count="0" type="stmt"/>
        <line num="98" count="0" type="stmt"/>
        <line num="99" count="0" type="stmt"/>
        <line num="100" count="0" type="stmt"/>
        <line num="101" count="0" type="stmt"/>
        <line num="104" count="0" type="stmt"/>
        <line num="109" count="0" type="stmt"/>
        <line num="113" count="0" type="stmt"/>
        <line num="119" count="0" type="stmt"/>
        <line num="120" count="0" type="stmt"/>
        <line num="121" count="0" type="stmt"/>
        <line num="122" count="0" type="stmt"/>
        <line num="123" count="0" type="cond" truecount="0" falsecount="2"/>
        <line num="125" count="0" type="stmt"/>
        <line num="139" count="0" type="stmt"/>
        <line num="140" count="0" type="stmt"/>
        <line num="141" count="0" type="stmt"/>
        <line num="144" count="0" type="stmt"/>
        <line num="146" count="0" type="cond" truecount="0" falsecount="4"/>
        <line num="153" count="0" type="stmt"/>
        <line num="154" count="0" type="cond" truecount="0" falsecount="2"/>
        <line num="156" count="0" type="stmt"/>
        <line num="157" count="0" type="stmt"/>
        <line num="159" count="0" type="cond" truecount="0" falsecount="4"/>
        <line num="166" count="0" type="cond" truecount="0" falsecount="2"/>
        <line num="168" count="0" type="stmt"/>
        <line num="169" count="0" type="cond" truecount="0" falsecount="2"/>
        <line num="174" count="0" type="stmt"/>
        <line num="175" count="0" type="stmt"/>
        <line num="176" count="0" type="stmt"/>
        <line num="178" count="0" type="cond" truecount="0" falsecount="2"/>
        <line num="179" count="0" type="stmt"/>
        <line num="182" count="0" type="stmt"/>
        <line num="185" count="0" type="stmt"/>
        <line num="186" count="0" type="cond" truecount="0" falsecount="2"/>
        <line num="189" count="0" type="cond" truecount="0" falsecount="2"/>
        <line num="191" count="0" type="stmt"/>
        <line num="192" count="0" type="cond" truecount="0" falsecount="2"/>
        <line num="193" count="0" type="stmt"/>
        <line num="194" count="0" type="stmt"/>
        <line num="195" count="0" type="stmt"/>
        <line num="196" count="0" type="cond" truecount="0" falsecount="2"/>
        <line num="197" count="0" type="stmt"/>
        <line num="208" count="0" type="stmt"/>
        <line num="209" count="0" type="stmt"/>
        <line num="210" count="0" type="stmt"/>
        <line num="211" count="0" type="stmt"/>
        <line num="212" count="0" type="stmt"/>
        <line num="213" count="0" type="stmt"/>
        <line num="229" count="0" type="stmt"/>
        <line num="233" count="0" type="cond" truecount="0" falsecount="5"/>
        <line num="235" count="0" type="stmt"/>
        <line num="237" count="0" type="stmt"/>
        <line num="239" count="0" type="stmt"/>
        <line num="241" count="0" type="stmt"/>
        <line num="243" count="0" type="stmt"/>
        <line num="250" count="0" type="stmt"/>
        <line num="252" count="0" type="stmt"/>
        <line num="253" count="0" type="stmt"/>
        <line num="255" count="0" type="stmt"/>
        <line num="256" count="0" type="stmt"/>
        <line num="257" count="0" type="cond" truecount="0" falsecount="2"/>
        <line num="258" count="0" type="cond" truecount="0" falsecount="2"/>
        <line num="259" count="0" type="cond" truecount="0" falsecount="2"/>
        <line num="261" count="0" type="cond" truecount="0" falsecount="2"/>
        <line num="262" count="0" type="cond" truecount="0" falsecount="2"/>
        <line num="266" count="0" type="stmt"/>
        <line num="269" count="0" type="stmt"/>
        <line num="270" count="0" type="cond" truecount="0" falsecount="2"/>
        <line num="271" count="0" type="stmt"/>
        <line num="276" count="0" type="stmt"/>
        <line num="277" count="0" type="cond" truecount="0" falsecount="2"/>
        <line num="278" count="0" type="stmt"/>
        <line num="282" count="0" type="stmt"/>
        <line num="292" count="0" type="stmt"/>
        <line num="293" count="0" type="stmt"/>
        <line num="294" count="0" type="cond" truecount="0" falsecount="2"/>
        <line num="296" count="0" type="cond" truecount="0" falsecount="2"/>
        <line num="297" count="0" type="stmt"/>
        <line num="300" count="0" type="stmt"/>
        <line num="318" count="0" type="stmt"/>
        <line num="319" count="0" type="cond" truecount="0" falsecount="2"/>
        <line num="320" count="0" type="stmt"/>
        <line num="324" count="0" type="stmt"/>
        <line num="325" count="0" type="cond" truecount="0" falsecount="2"/>
        <line num="326" count="0" type="cond" truecount="0" falsecount="2"/>
        <line num="330" count="0" type="stmt"/>
        <line num="343" count="0" type="stmt"/>
        <line num="347" count="0" type="stmt"/>
        <line num="348" count="0" type="stmt"/>
        <line num="355" count="0" type="stmt"/>
        <line num="356" count="0" type="stmt"/>
        <line num="358" count="0" type="stmt"/>
        <line num="372" count="0" type="stmt"/>
        <line num="373" count="0" type="stmt"/>
        <line num="374" count="0" type="cond" truecount="0" falsecount="2"/>
        <line num="388" count="0" type="stmt"/>
        <line num="396" count="0" type="stmt"/>
        <line num="416" count="0" type="stmt"/>
        <line num="417" count="0" type="cond" truecount="0" falsecount="2"/>
        <line num="418" count="0" type="cond" truecount="0" falsecount="2"/>
        <line num="419" count="0" type="cond" truecount="0" falsecount="2"/>
        <line num="421" count="0" type="stmt"/>
        <line num="422" count="0" type="cond" truecount="0" falsecount="2"/>
        <line num="425" count="0" type="stmt"/>
        <line num="431" count="0" type="stmt"/>
        <line num="433" count="0" type="stmt"/>
        <line num="434" count="0" type="stmt"/>
        <line num="435" count="0" type="stmt"/>
        <line num="436" count="0" type="cond" truecount="0" falsecount="5"/>
        <line num="437" count="0" type="stmt"/>
        <line num="438" count="0" type="stmt"/>
        <line num="442" count="0" type="cond" truecount="0" falsecount="2"/>
        <line num="444" count="0" type="stmt"/>
        <line num="448" count="0" type="stmt"/>
        <line num="449" count="0" type="stmt"/>
        <line num="450" count="0" type="stmt"/>
        <line num="451" count="0" type="cond" truecount="0" falsecount="2"/>
        <line num="452" count="0" type="stmt"/>
        <line num="453" count="0" type="stmt"/>
        <line num="455" count="0" type="stmt"/>
        <line num="458" count="0" type="cond" truecount="0" falsecount="2"/>
        <line num="460" count="0" type="stmt"/>
        <line num="461" count="0" type="stmt"/>
        <line num="463" count="0" type="stmt"/>
        <line num="464" count="0" type="stmt"/>
        <line num="465" count="0" type="stmt"/>
        <line num="467" count="0" type="stmt"/>
        <line num="468" count="0" type="stmt"/>
        <line num="469" count="0" type="cond" truecount="0" falsecount="2"/>
        <line num="471" count="0" type="stmt"/>
        <line num="472" count="0" type="cond" truecount="0" falsecount="2"/>
        <line num="474" count="0" type="cond" truecount="0" falsecount="2"/>
        <line num="478" count="0" type="stmt"/>
        <line num="483" count="0" type="stmt"/>
        <line num="484" count="0" type="stmt"/>
        <line num="485" count="0" type="stmt"/>
        <line num="488" count="0" type="stmt"/>
        <line num="490" count="0" type="cond" truecount="0" falsecount="5"/>
        <line num="492" count="0" type="cond" truecount="0" falsecount="2"/>
        <line num="493" count="0" type="stmt"/>
        <line num="495" count="0" type="cond" truecount="0" falsecount="2"/>
        <line num="497" count="0" type="stmt"/>
        <line num="498" count="0" type="stmt"/>
        <line num="500" count="0" type="stmt"/>
        <line num="510" count="0" type="stmt"/>
        <line num="514" count="0" type="stmt"/>
        <line num="518" count="0" type="stmt"/>
        <line num="519" count="0" type="stmt"/>
        <line num="520" count="0" type="cond" truecount="0" falsecount="2"/>
        <line num="534" count="0" type="stmt"/>
        <line num="536" count="0" type="stmt"/>
        <line num="550" count="0" type="stmt"/>
        <line num="553" count="0" type="stmt"/>
        <line num="554" count="0" type="stmt"/>
        <line num="555" count="0" type="cond" truecount="0" falsecount="2"/>
        <line num="556" count="0" type="stmt"/>
        <line num="559" count="0" type="cond" truecount="0" falsecount="2"/>
        <line num="561" count="0" type="stmt"/>
        <line num="562" count="0" type="cond" truecount="0" falsecount="3"/>
        <line num="564" count="0" type="cond" truecount="0" falsecount="2"/>
        <line num="565" count="0" type="stmt"/>
        <line num="566" count="0" type="cond" truecount="0" falsecount="2"/>
        <line num="567" count="0" type="stmt"/>
        <line num="581" count="0" type="stmt"/>
        <line num="582" count="0" type="stmt"/>
        <line num="584" count="0" type="cond" truecount="0" falsecount="2"/>
        <line num="585" count="0" type="stmt"/>
        <line num="594" count="0" type="stmt"/>
        <line num="608" count="0" type="stmt"/>
        <line num="630" count="0" type="stmt"/>
        <line num="631" count="0" type="cond" truecount="0" falsecount="2"/>
        <line num="632" count="0" type="cond" truecount="0" falsecount="2"/>
        <line num="633" count="0" type="cond" truecount="0" falsecount="2"/>
        <line num="636" count="0" type="stmt"/>
        <line num="640" count="0" type="stmt"/>
        <line num="641" count="0" type="cond" truecount="0" falsecount="2"/>
        <line num="642" count="0" type="cond" truecount="0" falsecount="2"/>
        <line num="645" count="0" type="cond" truecount="0" falsecount="2"/>
        <line num="646" count="0" type="stmt"/>
        <line num="650" count="0" type="cond" truecount="0" falsecount="2"/>
        <line num="651" count="0" type="stmt"/>
        <line num="652" count="0" type="stmt"/>
        <line num="653" count="0" type="cond" truecount="0" falsecount="2"/>
        <line num="655" count="0" type="stmt"/>
        <line num="656" count="0" type="stmt"/>
        <line num="658" count="0" type="stmt"/>
        <line num="667" count="0" type="stmt"/>
        <line num="676" count="0" type="stmt"/>
        <line num="677" count="0" type="cond" truecount="0" falsecount="2"/>
        <line num="679" count="0" type="stmt"/>
        <line num="680" count="0" type="stmt"/>
        <line num="684" count="0" type="stmt"/>
        <line num="685" count="0" type="stmt"/>
        <line num="687" count="0" type="cond" truecount="0" falsecount="2"/>
        <line num="688" count="0" type="cond" truecount="0" falsecount="2"/>
        <line num="691" count="0" type="stmt"/>
        <line num="692" count="0" type="stmt"/>
        <line num="702" count="0" type="stmt"/>
        <line num="711" count="0" type="stmt"/>
        <line num="721" count="0" type="stmt"/>
        <line num="722" count="0" type="cond" truecount="0" falsecount="2"/>
        <line num="724" count="0" type="stmt"/>
        <line num="725" count="0" type="stmt"/>
        <line num="729" count="0" type="stmt"/>
        <line num="730" count="0" type="stmt"/>
        <line num="732" count="0" type="cond" truecount="0" falsecount="2"/>
        <line num="734" count="0" type="stmt"/>
        <line num="743" count="0" type="stmt"/>
        <line num="744" count="0" type="stmt"/>
        <line num="766" count="0" type="stmt"/>
        <line num="767" count="0" type="cond" truecount="0" falsecount="2"/>
        <line num="768" count="0" type="cond" truecount="0" falsecount="2"/>
        <line num="769" count="0" type="cond" truecount="0" falsecount="2"/>
        <line num="771" count="0" type="stmt"/>
        <line num="772" count="0" type="cond" truecount="0" falsecount="2"/>
        <line num="775" count="0" type="stmt"/>
        <line num="780" count="0" type="stmt"/>
        <line num="781" count="0" type="cond" truecount="0" falsecount="2"/>
        <line num="782" count="0" type="stmt"/>
        <line num="786" count="0" type="stmt"/>
        <line num="787" count="0" type="stmt"/>
        <line num="788" count="0" type="stmt"/>
        <line num="797" count="0" type="stmt"/>
        <line num="802" count="0" type="stmt"/>
        <line num="805" count="0" type="cond" truecount="0" falsecount="2"/>
        <line num="808" count="0" type="stmt"/>
        <line num="818" count="0" type="stmt"/>
        <line num="827" count="0" type="stmt"/>
        <line num="849" count="0" type="stmt"/>
        <line num="850" count="0" type="cond" truecount="0" falsecount="2"/>
        <line num="851" count="0" type="cond" truecount="0" falsecount="2"/>
        <line num="853" count="0" type="stmt"/>
        <line num="858" count="0" type="stmt"/>
        <line num="859" count="0" type="stmt"/>
        <line num="860" count="0" type="stmt"/>
        <line num="868" count="0" type="stmt"/>
        <line num="877" count="0" type="stmt"/>
        <line num="882" count="0" type="stmt"/>
        <line num="888" count="0" type="stmt"/>
        <line num="889" count="0" type="stmt"/>
        <line num="890" count="0" type="cond" truecount="0" falsecount="2"/>
        <line num="891" count="0" type="stmt"/>
        <line num="892" count="0" type="cond" truecount="0" falsecount="2"/>
        <line num="893" count="0" type="cond" truecount="0" falsecount="2"/>
        <line num="894" count="0" type="stmt"/>
        <line num="895" count="0" type="stmt"/>
        <line num="898" count="0" type="stmt"/>
      </file>
      <file name="draftTicketService.ts" path="F:\GITHUB\Match-Mind\backend\src\services\draftTicketService.ts">
        <metrics statements="38" coveredstatements="0" conditionals="18" coveredconditionals="0" methods="8" coveredmethods="0"/>
        <line num="29" count="0" type="stmt"/>
        <line num="33" count="0" type="stmt"/>
        <line num="34" count="0" type="stmt"/>
        <line num="35" count="0" type="stmt"/>
        <line num="39" count="0" type="stmt"/>
        <line num="40" count="0" type="stmt"/>
        <line num="41" count="0" type="stmt"/>
        <line num="42" count="0" type="stmt"/>
        <line num="53" count="0" type="stmt"/>
        <line num="57" count="0" type="cond" truecount="0" falsecount="2"/>
        <line num="58" count="0" type="stmt"/>
        <line num="62" count="0" type="cond" truecount="0" falsecount="2"/>
        <line num="63" count="0" type="cond" truecount="0" falsecount="2"/>
        <line num="65" count="0" type="stmt"/>
        <line num="76" count="0" type="stmt"/>
        <line num="82" count="0" type="stmt"/>
        <line num="83" count="0" type="stmt"/>
        <line num="85" count="0" type="cond" truecount="0" falsecount="2"/>
        <line num="87" count="0" type="cond" truecount="0" falsecount="2"/>
        <line num="88" count="0" type="cond" truecount="0" falsecount="2"/>
        <line num="90" count="0" type="stmt"/>
        <line num="91" count="0" type="stmt"/>
        <line num="92" count="0" type="stmt"/>
        <line num="93" count="0" type="stmt"/>
        <line num="96" count="0" type="stmt"/>
        <line num="107" count="0" type="stmt"/>
        <line num="109" count="0" type="cond" truecount="0" falsecount="2"/>
        <line num="110" count="0" type="stmt"/>
        <line num="111" count="0" type="stmt"/>
        <line num="112" count="0" type="stmt"/>
        <line num="122" count="0" type="stmt"/>
        <line num="123" count="0" type="stmt"/>
        <line num="125" count="0" type="stmt"/>
        <line num="134" count="0" type="stmt"/>
        <line num="141" count="0" type="stmt"/>
        <line num="152" count="0" type="stmt"/>
        <line num="155" count="0" type="stmt"/>
        <line num="164" count="0" type="stmt"/>
      </file>
      <file name="fantasyPoints.ts" path="F:\GITHUB\Match-Mind\backend\src\services\fantasyPoints.ts">
        <metrics statements="61" coveredstatements="52" conditionals="60" coveredconditionals="57" methods="9" coveredmethods="6"/>
        <line num="55" count="3" type="stmt"/>
        <line num="84" count="25" type="stmt"/>
        <line num="87" count="25" type="cond" truecount="2" falsecount="0"/>
        <line num="88" count="20" type="stmt"/>
        <line num="89" count="5" type="cond" truecount="2" falsecount="0"/>
        <line num="90" count="2" type="stmt"/>
        <line num="95" count="25" type="cond" truecount="2" falsecount="0"/>
        <line num="101" count="25" type="cond" truecount="2" falsecount="0"/>
        <line num="102" count="6" type="stmt"/>
        <line num="106" count="25" type="cond" truecount="2" falsecount="0"/>
        <line num="107" count="3" type="stmt"/>
        <line num="111" count="25" type="cond" truecount="4" falsecount="0"/>
        <line num="112" count="3" type="cond" truecount="4" falsecount="0"/>
        <line num="113" count="2" type="stmt"/>
        <line num="114" count="1" type="cond" truecount="1" falsecount="1"/>
        <line num="115" count="1" type="stmt"/>
        <line num="120" count="25" type="cond" truecount="2" falsecount="0"/>
        <line num="121" count="1" type="stmt"/>
        <line num="125" count="25" type="cond" truecount="2" falsecount="0"/>
        <line num="126" count="1" type="stmt"/>
        <line num="130" count="25" type="cond" truecount="2" falsecount="0"/>
        <line num="131" count="2" type="stmt"/>
        <line num="135" count="25" type="cond" truecount="2" falsecount="0"/>
        <line num="136" count="1" type="stmt"/>
        <line num="140" count="25" type="cond" truecount="2" falsecount="0"/>
        <line num="141" count="1" type="stmt"/>
        <line num="145" count="25" type="cond" truecount="2" falsecount="0"/>
        <line num="146" count="1" type="stmt"/>
        <line num="150" count="25" type="cond" truecount="6" falsecount="0"/>
        <line num="151" count="1" type="stmt"/>
        <line num="155" count="25" type="stmt"/>
        <line num="166" count="10" type="cond" truecount="2" falsecount="0"/>
        <line num="167" count="4" type="stmt"/>
        <line num="169" count="6" type="cond" truecount="4" falsecount="0"/>
        <line num="171" count="2" type="stmt"/>
        <line num="173" count="4" type="stmt"/>
        <line num="185" count="3" type="stmt"/>
        <line num="188" count="3" type="stmt"/>
        <line num="189" count="3" type="cond" truecount="2" falsecount="0"/>
        <line num="193" count="3" type="stmt"/>
        <line num="194" count="5" type="stmt"/>
        <line num="195" count="5" type="cond" truecount="2" falsecount="0"/>
        <line num="197" count="5" type="cond" truecount="2" falsecount="0"/>
        <line num="199" count="4" type="stmt"/>
        <line num="207" count="6" type="stmt"/>
        <line num="208" count="4" type="stmt"/>
        <line num="215" count="4" type="stmt"/>
        <line num="229" count="5" type="stmt"/>
        <line num="230" count="4" type="stmt"/>
        <line num="233" count="3" type="stmt"/>
        <line num="237" count="4" type="stmt"/>
        <line num="240" count="3" type="stmt"/>
        <line num="248" count="0" type="stmt"/>
        <line num="250" count="0" type="stmt"/>
        <line num="251" count="0" type="cond" truecount="0" falsecount="2"/>
        <line num="252" count="0" type="stmt"/>
        <line num="254" count="0" type="stmt"/>
        <line num="255" count="0" type="stmt"/>
        <line num="258" count="0" type="stmt"/>
        <line num="259" count="0" type="stmt"/>
        <line num="260" count="0" type="stmt"/>
      </file>
      <file name="leaderboardMapper.ts" path="F:\GITHUB\Match-Mind\backend\src\services\leaderboardMapper.ts">
        <metrics statements="2" coveredstatements="0" conditionals="17" coveredconditionals="0" methods="1" coveredmethods="0"/>
        <line num="41" count="0" type="cond" truecount="0" falsecount="2"/>
        <line num="42" count="0" type="stmt"/>
      </file>
      <file name="leaderboardService.ts" path="F:\GITHUB\Match-Mind\backend\src\services\leaderboardService.ts">
        <metrics statements="15" coveredstatements="14" conditionals="12" coveredconditionals="10" methods="4" coveredmethods="4"/>
        <line num="36" count="3" type="stmt"/>
        <line num="39" count="3" type="stmt"/>
        <line num="40" count="5" type="cond" truecount="2" falsecount="0"/>
        <line num="41" count="3" type="stmt"/>
        <line num="43" count="5" type="stmt"/>
        <line num="44" count="5" type="stmt"/>
        <line num="48" count="3" type="stmt"/>
        <line num="49" count="3" type="cond" truecount="2" falsecount="0"/>
        <line num="50" count="1" type="stmt"/>
        <line num="51" count="2" type="cond" truecount="2" falsecount="0"/>
        <line num="55" count="3" type="stmt"/>
        <line num="56" count="3" type="stmt"/>
        <line num="67" count="1" type="cond" truecount="1" falsecount="1"/>
        <line num="68" count="0" type="stmt"/>
        <line num="70" count="3" type="stmt"/>
      </file>
      <file name="scoring.ts" path="F:\GITHUB\Match-Mind\backend\src\services\scoring.ts">
        <metrics statements="77" coveredstatements="75" conditionals="83" coveredconditionals="75" methods="13" coveredmethods="12"/>
        <line num="104" count="1" type="stmt"/>
        <line num="113" count="1" type="stmt"/>
        <line num="126" count="76" type="cond" truecount="2" falsecount="0"/>
        <line num="127" count="19" type="cond" truecount="2" falsecount="0"/>
        <line num="128" count="11" type="stmt"/>
        <line num="132" count="13" type="stmt"/>
        <line num="139" count="0" type="stmt"/>
        <line num="158" count="32" type="stmt"/>
        <line num="159" count="32" type="stmt"/>
        <line num="160" count="32" type="stmt"/>
        <line num="163" count="32" type="cond" truecount="6" falsecount="0"/>
        <line num="164" count="1" type="stmt"/>
        <line num="167" count="31" type="stmt"/>
        <line num="168" count="31" type="stmt"/>
        <line num="171" count="31" type="cond" truecount="4" falsecount="0"/>
        <line num="172" count="11" type="stmt"/>
        <line num="173" count="11" type="stmt"/>
        <line num="176" count="20" type="cond" truecount="4" falsecount="0"/>
        <line num="177" count="4" type="stmt"/>
        <line num="178" count="4" type="stmt"/>
        <line num="181" count="16" type="cond" truecount="2" falsecount="0"/>
        <line num="182" count="9" type="stmt"/>
        <line num="183" count="9" type="stmt"/>
        <line num="187" count="7" type="stmt"/>
        <line num="191" count="31" type="cond" truecount="2" falsecount="0"/>
        <line num="192" count="4" type="cond" truecount="2" falsecount="0"/>
        <line num="193" count="4" type="cond" truecount="2" falsecount="0"/>
        <line num="194" count="2" type="stmt"/>
        <line num="196" count="27" type="cond" truecount="2" falsecount="0"/>
        <line num="197" count="1" type="cond" truecount="2" falsecount="0"/>
        <line num="198" count="1" type="cond" truecount="1" falsecount="1"/>
        <line num="199" count="1" type="stmt"/>
        <line num="204" count="31" type="cond" truecount="4" falsecount="0"/>
        <line num="205" count="5" type="stmt"/>
        <line num="206" count="5" type="cond" truecount="6" falsecount="0"/>
        <line num="208" count="3" type="stmt"/>
        <line num="213" count="61" type="stmt"/>
        <line num="214" count="31" type="stmt"/>
        <line num="232" count="4" type="stmt"/>
        <line num="233" count="7" type="stmt"/>
        <line num="235" count="7" type="stmt"/>
        <line num="236" count="7" type="stmt"/>
        <line num="238" count="7" type="stmt"/>
        <line num="239" count="7" type="cond" truecount="2" falsecount="0"/>
        <line num="242" count="7" type="cond" truecount="2" falsecount="0"/>
        <line num="243" count="7" type="cond" truecount="1" falsecount="1"/>
        <line num="249" count="7" type="stmt"/>
        <line num="250" count="7" type="cond" truecount="2" falsecount="0"/>
        <line num="251" count="7" type="cond" truecount="1" falsecount="1"/>
        <line num="252" count="7" type="stmt"/>
        <line num="254" count="7" type="cond" truecount="2" falsecount="0"/>
        <line num="256" count="7" type="stmt"/>
        <line num="288" count="8" type="cond" truecount="2" falsecount="0"/>
        <line num="289" count="6" type="stmt"/>
        <line num="290" count="6" type="stmt"/>
        <line num="298" count="2" type="stmt"/>
        <line num="315" count="30" type="stmt"/>
        <line num="316" count="144" type="cond" truecount="2" falsecount="0"/>
        <line num="317" count="30" type="stmt"/>
        <line num="320" count="0" type="stmt"/>
        <line num="339" count="8" type="stmt"/>
        <line num="341" count="8" type="stmt"/>
        <line num="342" count="19" type="cond" truecount="2" falsecount="0"/>
        <line num="343" count="16" type="stmt"/>
        <line num="351" count="19" type="stmt"/>
        <line num="352" count="19" type="stmt"/>
        <line num="353" count="19" type="stmt"/>
        <line num="355" count="19" type="cond" truecount="2" falsecount="0"/>
        <line num="356" count="16" type="stmt"/>
        <line num="357" count="16" type="stmt"/>
        <line num="359" count="3" type="stmt"/>
        <line num="363" count="8" type="stmt"/>
        <line num="364" count="16" type="stmt"/>
        <line num="380" count="10" type="cond" truecount="2" falsecount="0"/>
        <line num="381" count="3" type="cond" truecount="1" falsecount="1"/>
        <line num="382" count="3" type="stmt"/>
        <line num="385" count="16" type="stmt"/>
      </file>
      <file name="tokenService.ts" path="F:\GITHUB\Match-Mind\backend\src\services\tokenService.ts">
        <metrics statements="4" coveredstatements="2" conditionals="0" coveredconditionals="0" methods="2" coveredmethods="1"/>
        <line num="19" count="5" type="stmt"/>
        <line num="26" count="5" type="stmt"/>
        <line num="39" count="0" type="stmt"/>
        <line num="40" count="0" type="stmt"/>
      </file>
    </package>
    <package name="utils">
      <metrics statements="8" coveredstatements="2" conditionals="9" coveredconditionals="6" methods="1" coveredmethods="0"/>
      <file name="AppError.ts" path="F:\GITHUB\Match-Mind\backend\src\utils\AppError.ts">
        <metrics statements="6" coveredstatements="0" conditionals="1" coveredconditionals="0" methods="1" coveredmethods="0"/>
        <line num="17" count="0" type="stmt"/>
        <line num="18" count="0" type="stmt"/>
        <line num="19" count="0" type="stmt"/>
        <line num="20" count="0" type="stmt"/>
        <line num="21" count="0" type="stmt"/>
        <line num="22" count="0" type="stmt"/>
      </file>
      <file name="logger.ts" path="F:\GITHUB\Match-Mind\backend\src\utils\logger.ts">
        <metrics statements="2" coveredstatements="2" conditionals="8" coveredconditionals="6" methods="0" coveredmethods="0"/>
        <line num="17" count="7" type="cond" truecount="3" falsecount="1"/>
        <line num="19" count="7" type="stmt"/>
      </file>
    </package>
  </project>
</coverage>
