{"F:\\GITHUB\\Match-Mind\\backend\\src\\services\\adminService.ts": {"path":"F:\\GITHUB\\Match-Mind\\backend\\src\\services\\adminService.ts","statementMap":{"0":{"start":{"line":39,"column":4},"end":{"line":39,"column":null}},"1":{"start":{"line":46,"column":57},"end":{"line":46,"column":null}},"2":{"start":{"line":48,"column":84},"end":{"line":55,"column":null}},"3":{"start":{"line":58,"column":65},"end":{"line":58,"column":null}},"4":{"start":{"line":59,"column":4},"end":{"line":71,"column":null}},"5":{"start":{"line":59,"column":17},"end":{"line":59,"column":20}},"6":{"start":{"line":60,"column":18},"end":{"line":60,"column":null}},"7":{"start":{"line":61,"column":6},"end":{"line":61,"column":null}},"8":{"start":{"line":62,"column":25},"end":{"line":62,"column":null}},"9":{"start":{"line":63,"column":23},"end":{"line":63,"column":null}},"10":{"start":{"line":64,"column":20},"end":{"line":66,"column":null}},"11":{"start":{"line":67,"column":6},"end":{"line":70,"column":null}},"12":{"start":{"line":73,"column":4},"end":{"line":81,"column":null}},"13":{"start":{"line":94,"column":4},"end":{"line":104,"column":null}},"14":{"start":{"line":95,"column":6},"end":{"line":101,"column":null}},"15":{"start":{"line":103,"column":6},"end":{"line":103,"column":null}}},"fnMap":{"0":{"name":"constructor","decl":{"start":{"line":38,"column":2},"end":{"line":38,"column":14}},"loc":{"start":{"line":38,"column":38},"end":{"line":40,"column":null}},"line":38},"1":{"name":"getDashboardStats","decl":{"start":{"line":45,"column":8},"end":{"line":45,"column":53}},"loc":{"start":{"line":45,"column":53},"end":{"line":82,"column":null}},"line":45},"2":{"name":"logAction","decl":{"start":{"line":87,"column":8},"end":{"line":87,"column":null}},"loc":{"start":{"line":93,"column":19},"end":{"line":105,"column":null}},"line":93}},"branchMap":{"0":{"loc":{"start":{"line":68,"column":13},"end":{"line":68,"column":null}},"type":"binary-expr","locations":[{"start":{"line":68,"column":13},"end":{"line":68,"column":87}},{"start":{"line":68,"column":87},"end":{"line":68,"column":null}}],"line":68},"1":{"loc":{"start":{"line":92,"column":4},"end":{"line":92,"column":null}},"type":"default-arg","locations":[{"start":{"line":92,"column":38},"end":{"line":92,"column":null}}],"line":92},"2":{"loc":{"start":{"line":98,"column":18},"end":{"line":98,"column":null}},"type":"binary-expr","locations":[{"start":{"line":98,"column":18},"end":{"line":98,"column":30}},{"start":{"line":98,"column":30},"end":{"line":98,"column":null}}],"line":98},"3":{"loc":{"start":{"line":99,"column":20},"end":{"line":99,"column":null}},"type":"binary-expr","locations":[{"start":{"line":99,"column":20},"end":{"line":99,"column":34}},{"start":{"line":99,"column":34},"end":{"line":99,"column":null}}],"line":99}},"s":{"0":0,"1":0,"2":0,"3":0,"4":0,"5":0,"6":0,"7":0,"8":0,"9":0,"10":0,"11":0,"12":0,"13":0,"14":0,"15":0},"f":{"0":0,"1":0,"2":0},"b":{"0":[0,0],"1":[0],"2":[0,0],"3":[0,0]},"meta":{"lastBranch":4,"lastFunction":3,"lastStatement":16,"seen":{"f:38:2:38:14":0,"s:39:4:39:Infinity":0,"f:45:8:45:53":1,"s:46:57:46:Infinity":1,"s:48:84:55:Infinity":2,"s:58:65:58:Infinity":3,"s:59:4:71:Infinity":4,"s:59:17:59:20":5,"s:60:18:60:Infinity":6,"s:61:6:61:Infinity":7,"s:62:25:62:Infinity":8,"s:63:23:63:Infinity":9,"s:64:20:66:Infinity":10,"s:67:6:70:Infinity":11,"b:68:13:68:87:68:87:68:Infinity":0,"s:73:4:81:Infinity":12,"f:87:8:87:Infinity":2,"b:92:38:92:Infinity":1,"s:94:4:104:Infinity":13,"s:95:6:101:Infinity":14,"b:98:18:98:30:98:30:98:Infinity":2,"b:99:20:99:34:99:34:99:Infinity":3,"s:103:6:103:Infinity":15},"fnNames":{}}}
,"F:\\GITHUB\\Match-Mind\\backend\\src\\services\\auctionEngine.ts": {"path":"F:\\GITHUB\\Match-Mind\\backend\\src\\services\\auctionEngine.ts","statementMap":{"0":{"start":{"line":59,"column":20},"end":{"line":59,"column":null}},"1":{"start":{"line":62,"column":2},"end":{"line":64,"column":null}},"2":{"start":{"line":63,"column":4},"end":{"line":63,"column":null}},"3":{"start":{"line":65,"column":2},"end":{"line":65,"column":null}},"4":{"start":{"line":71,"column":2},"end":{"line":75,"column":null}},"5":{"start":{"line":71,"column":15},"end":{"line":71,"column":42}},"6":{"start":{"line":72,"column":4},"end":{"line":74,"column":null}},"7":{"start":{"line":73,"column":6},"end":{"line":73,"column":null}},"8":{"start":{"line":76,"column":2},"end":{"line":76,"column":null}},"9":{"start":{"line":91,"column":49},"end":{"line":91,"column":null}},"10":{"start":{"line":92,"column":2},"end":{"line":96,"column":null}},"11":{"start":{"line":93,"column":4},"end":{"line":95,"column":null}},"12":{"start":{"line":94,"column":6},"end":{"line":94,"column":null}},"13":{"start":{"line":99,"column":49},"end":{"line":104,"column":null}},"14":{"start":{"line":106,"column":2},"end":{"line":108,"column":null}},"15":{"start":{"line":107,"column":4},"end":{"line":107,"column":null}},"16":{"start":{"line":111,"column":25},"end":{"line":111,"column":null}},"17":{"start":{"line":114,"column":60},"end":{"line":114,"column":null}},"18":{"start":{"line":115,"column":2},"end":{"line":117,"column":null}},"19":{"start":{"line":116,"column":4},"end":{"line":116,"column":null}},"20":{"start":{"line":120,"column":2},"end":{"line":120,"column":null}},"21":{"start":{"line":122,"column":30},"end":{"line":122,"column":null}},"22":{"start":{"line":122,"column":88},"end":{"line":122,"column":95}},"23":{"start":{"line":123,"column":2},"end":{"line":123,"column":null}},"24":{"start":{"line":123,"column":33},"end":{"line":123,"column":null}},"25":{"start":{"line":126,"column":25},"end":{"line":126,"column":null}},"26":{"start":{"line":128,"column":2},"end":{"line":133,"column":null}},"27":{"start":{"line":129,"column":4},"end":{"line":132,"column":null}},"28":{"start":{"line":135,"column":2},"end":{"line":135,"column":null}},"29":{"start":{"line":151,"column":16},"end":{"line":151,"column":null}},"30":{"start":{"line":153,"column":2},"end":{"line":247,"column":null}},"31":{"start":{"line":155,"column":18},"end":{"line":155,"column":null}},"32":{"start":{"line":156,"column":4},"end":{"line":156,"column":null}},"33":{"start":{"line":156,"column":16},"end":{"line":156,"column":null}},"34":{"start":{"line":159,"column":4},"end":{"line":161,"column":null}},"35":{"start":{"line":160,"column":6},"end":{"line":160,"column":null}},"36":{"start":{"line":164,"column":17},"end":{"line":164,"column":null}},"37":{"start":{"line":165,"column":4},"end":{"line":167,"column":null}},"38":{"start":{"line":166,"column":6},"end":{"line":166,"column":null}},"39":{"start":{"line":168,"column":4},"end":{"line":170,"column":null}},"40":{"start":{"line":169,"column":6},"end":{"line":169,"column":null}},"41":{"start":{"line":171,"column":4},"end":{"line":173,"column":null}},"42":{"start":{"line":172,"column":6},"end":{"line":172,"column":null}},"43":{"start":{"line":176,"column":19},"end":{"line":176,"column":null}},"44":{"start":{"line":177,"column":4},"end":{"line":177,"column":null}},"45":{"start":{"line":177,"column":17},"end":{"line":177,"column":null}},"46":{"start":{"line":180,"column":19},"end":{"line":180,"column":null}},"47":{"start":{"line":181,"column":4},"end":{"line":183,"column":null}},"48":{"start":{"line":182,"column":6},"end":{"line":182,"column":null}},"49":{"start":{"line":186,"column":19},"end":{"line":186,"column":null}},"50":{"start":{"line":187,"column":4},"end":{"line":187,"column":null}},"51":{"start":{"line":187,"column":17},"end":{"line":187,"column":null}},"52":{"start":{"line":189,"column":19},"end":{"line":189,"column":null}},"53":{"start":{"line":190,"column":23},"end":{"line":190,"column":null}},"54":{"start":{"line":191,"column":29},"end":{"line":198,"column":null}},"55":{"start":{"line":196,"column":30},"end":{"line":196,"column":98}},"56":{"start":{"line":199,"column":4},"end":{"line":201,"column":null}},"57":{"start":{"line":200,"column":6},"end":{"line":200,"column":null}},"58":{"start":{"line":204,"column":16},"end":{"line":204,"column":null}},"59":{"start":{"line":205,"column":20},"end":{"line":207,"column":null}},"60":{"start":{"line":208,"column":25},"end":{"line":208,"column":null}},"61":{"start":{"line":211,"column":22},"end":{"line":211,"column":null}},"62":{"start":{"line":212,"column":4},"end":{"line":214,"column":null}},"63":{"start":{"line":213,"column":6},"end":{"line":213,"column":null}},"64":{"start":{"line":216,"column":35},"end":{"line":222,"column":null}},"65":{"start":{"line":225,"column":4},"end":{"line":225,"column":null}},"66":{"start":{"line":228,"column":4},"end":{"line":235,"column":null}},"67":{"start":{"line":237,"column":4},"end":{"line":244,"column":null}},"68":{"start":{"line":246,"column":4},"end":{"line":246,"column":null}},"69":{"start":{"line":257,"column":16},"end":{"line":257,"column":null}},"70":{"start":{"line":259,"column":2},"end":{"line":271,"column":null}},"71":{"start":{"line":260,"column":18},"end":{"line":260,"column":null}},"72":{"start":{"line":261,"column":4},"end":{"line":261,"column":null}},"73":{"start":{"line":261,"column":49},"end":{"line":261,"column":null}},"74":{"start":{"line":263,"column":35},"end":{"line":267,"column":null}},"75":{"start":{"line":269,"column":4},"end":{"line":269,"column":null}},"76":{"start":{"line":270,"column":4},"end":{"line":270,"column":null}},"77":{"start":{"line":281,"column":16},"end":{"line":281,"column":null}},"78":{"start":{"line":283,"column":2},"end":{"line":303,"column":null}},"79":{"start":{"line":284,"column":18},"end":{"line":284,"column":null}},"80":{"start":{"line":285,"column":4},"end":{"line":285,"column":null}},"81":{"start":{"line":285,"column":49},"end":{"line":285,"column":null}},"82":{"start":{"line":287,"column":28},"end":{"line":287,"column":null}},"83":{"start":{"line":288,"column":35},"end":{"line":299,"column":null}},"84":{"start":{"line":301,"column":4},"end":{"line":301,"column":null}},"85":{"start":{"line":302,"column":4},"end":{"line":302,"column":null}},"86":{"start":{"line":313,"column":16},"end":{"line":313,"column":null}},"87":{"start":{"line":315,"column":2},"end":{"line":366,"column":null}},"88":{"start":{"line":316,"column":18},"end":{"line":316,"column":null}},"89":{"start":{"line":317,"column":4},"end":{"line":317,"column":null}},"90":{"start":{"line":317,"column":16},"end":{"line":317,"column":null}},"91":{"start":{"line":319,"column":18},"end":{"line":319,"column":null}},"92":{"start":{"line":320,"column":25},"end":{"line":320,"column":null}},"93":{"start":{"line":322,"column":4},"end":{"line":351,"column":null}},"94":{"start":{"line":324,"column":6},"end":{"line":337,"column":null}},"95":{"start":{"line":326,"column":39},"end":{"line":334,"column":null}},"96":{"start":{"line":335,"column":8},"end":{"line":335,"column":null}},"97":{"start":{"line":336,"column":8},"end":{"line":336,"column":null}},"98":{"start":{"line":340,"column":37},"end":{"line":348,"column":null}},"99":{"start":{"line":349,"column":6},"end":{"line":349,"column":null}},"100":{"start":{"line":350,"column":6},"end":{"line":350,"column":null}},"101":{"start":{"line":353,"column":35},"end":{"line":362,"column":null}},"102":{"start":{"line":364,"column":4},"end":{"line":364,"column":null}},"103":{"start":{"line":365,"column":4},"end":{"line":365,"column":null}},"104":{"start":{"line":389,"column":16},"end":{"line":389,"column":null}},"105":{"start":{"line":391,"column":2},"end":{"line":434,"column":null}},"106":{"start":{"line":392,"column":18},"end":{"line":392,"column":null}},"107":{"start":{"line":393,"column":4},"end":{"line":393,"column":null}},"108":{"start":{"line":393,"column":49},"end":{"line":393,"column":null}},"109":{"start":{"line":394,"column":4},"end":{"line":394,"column":null}},"110":{"start":{"line":394,"column":28},"end":{"line":394,"column":null}},"111":{"start":{"line":396,"column":16},"end":{"line":396,"column":null}},"112":{"start":{"line":397,"column":21},"end":{"line":397,"column":null}},"113":{"start":{"line":400,"column":4},"end":{"line":400,"column":null}},"114":{"start":{"line":400,"column":24},"end":{"line":400,"column":null}},"115":{"start":{"line":403,"column":4},"end":{"line":433,"column":null}},"116":{"start":{"line":405,"column":6},"end":{"line":405,"column":null}},"117":{"start":{"line":406,"column":6},"end":{"line":411,"column":null}},"118":{"start":{"line":414,"column":38},"end":{"line":418,"column":null}},"119":{"start":{"line":419,"column":6},"end":{"line":419,"column":null}},"120":{"start":{"line":422,"column":24},"end":{"line":422,"column":null}},"121":{"start":{"line":423,"column":6},"end":{"line":423,"column":null}},"122":{"start":{"line":426,"column":26},"end":{"line":426,"column":null}},"123":{"start":{"line":429,"column":24},"end":{"line":431,"column":null}},"124":{"start":{"line":432,"column":6},"end":{"line":432,"column":null}},"125":{"start":{"line":444,"column":16},"end":{"line":444,"column":null}},"126":{"start":{"line":445,"column":2},"end":{"line":445,"column":null}},"127":{"start":{"line":445,"column":14},"end":{"line":445,"column":null}},"128":{"start":{"line":447,"column":16},"end":{"line":447,"column":null}},"129":{"start":{"line":448,"column":23},"end":{"line":448,"column":null}},"130":{"start":{"line":450,"column":2},"end":{"line":478,"column":null}},"131":{"start":{"line":452,"column":4},"end":{"line":465,"column":null}},"132":{"start":{"line":454,"column":37},"end":{"line":462,"column":null}},"133":{"start":{"line":463,"column":6},"end":{"line":463,"column":null}},"134":{"start":{"line":464,"column":6},"end":{"line":464,"column":null}},"135":{"start":{"line":467,"column":35},"end":{"line":475,"column":null}},"136":{"start":{"line":476,"column":4},"end":{"line":476,"column":null}},"137":{"start":{"line":477,"column":4},"end":{"line":477,"column":null}},"138":{"start":{"line":480,"column":33},"end":{"line":489,"column":null}},"139":{"start":{"line":490,"column":2},"end":{"line":490,"column":null}},"140":{"start":{"line":491,"column":2},"end":{"line":491,"column":null}},"141":{"start":{"line":500,"column":26},"end":{"line":500,"column":null}},"142":{"start":{"line":501,"column":33},"end":{"line":512,"column":null}},"143":{"start":{"line":513,"column":2},"end":{"line":513,"column":null}},"144":{"start":{"line":514,"column":2},"end":{"line":514,"column":null}},"145":{"start":{"line":524,"column":16},"end":{"line":524,"column":null}},"146":{"start":{"line":526,"column":2},"end":{"line":545,"column":null}},"147":{"start":{"line":527,"column":18},"end":{"line":527,"column":null}},"148":{"start":{"line":528,"column":4},"end":{"line":528,"column":null}},"149":{"start":{"line":528,"column":48},"end":{"line":528,"column":null}},"150":{"start":{"line":530,"column":19},"end":{"line":530,"column":null}},"151":{"start":{"line":531,"column":35},"end":{"line":541,"column":null}},"152":{"start":{"line":543,"column":4},"end":{"line":543,"column":null}},"153":{"start":{"line":544,"column":4},"end":{"line":544,"column":null}}},"fnMap":{"0":{"name":"getRoomMutex","decl":{"start":{"line":61,"column":9},"end":{"line":61,"column":22}},"loc":{"start":{"line":61,"column":45},"end":{"line":66,"column":null}},"line":61},"1":{"name":"requiredIncrement","decl":{"start":{"line":70,"column":16},"end":{"line":70,"column":34}},"loc":{"start":{"line":70,"column":62},"end":{"line":77,"column":null}},"line":70},"2":{"name":"validateBudgetForRemainingSlots","decl":{"start":{"line":81,"column":16},"end":{"line":81,"column":null}},"loc":{"start":{"line":89,"column":39},"end":{"line":136,"column":null}},"line":89},"3":{"name":"(anonymous_3)","decl":{"start":{"line":122,"column":71},"end":{"line":122,"column":79}},"loc":{"start":{"line":122,"column":88},"end":{"line":122,"column":95}},"line":122},"4":{"name":"processBid","decl":{"start":{"line":140,"column":22},"end":{"line":140,"column":null}},"loc":{"start":{"line":150,"column":22},"end":{"line":248,"column":null}},"line":150},"5":{"name":"(anonymous_5)","decl":{"start":{"line":153,"column":28},"end":{"line":153,"column":40}},"loc":{"start":{"line":153,"column":40},"end":{"line":247,"column":3}},"line":153},"6":{"name":"(anonymous_6)","decl":{"start":{"line":196,"column":13},"end":{"line":196,"column":18}},"loc":{"start":{"line":196,"column":30},"end":{"line":196,"column":98}},"line":196},"7":{"name":"sellCurrentPlayer","decl":{"start":{"line":252,"column":22},"end":{"line":252,"column":null}},"loc":{"start":{"line":256,"column":32},"end":{"line":272,"column":null}},"line":256},"8":{"name":"(anonymous_8)","decl":{"start":{"line":259,"column":28},"end":{"line":259,"column":40}},"loc":{"start":{"line":259,"column":40},"end":{"line":271,"column":3}},"line":259},"9":{"name":"unsoldCurrentPlayer","decl":{"start":{"line":276,"column":22},"end":{"line":276,"column":null}},"loc":{"start":{"line":280,"column":32},"end":{"line":304,"column":null}},"line":280},"10":{"name":"(anonymous_10)","decl":{"start":{"line":283,"column":28},"end":{"line":283,"column":40}},"loc":{"start":{"line":283,"column":40},"end":{"line":303,"column":3}},"line":283},"11":{"name":"moveToNextPlayer","decl":{"start":{"line":308,"column":22},"end":{"line":308,"column":null}},"loc":{"start":{"line":312,"column":32},"end":{"line":367,"column":null}},"line":312},"12":{"name":"(anonymous_12)","decl":{"start":{"line":315,"column":28},"end":{"line":315,"column":40}},"loc":{"start":{"line":315,"column":40},"end":{"line":366,"column":3}},"line":315},"13":{"name":"checkAuctionTimer","decl":{"start":{"line":382,"column":22},"end":{"line":382,"column":null}},"loc":{"start":{"line":388,"column":66},"end":{"line":435,"column":null}},"line":388},"14":{"name":"(anonymous_14)","decl":{"start":{"line":391,"column":28},"end":{"line":391,"column":40}},"loc":{"start":{"line":391,"column":40},"end":{"line":434,"column":3}},"line":391},"15":{"name":"moveToNextPlayerInternal","decl":{"start":{"line":439,"column":15},"end":{"line":439,"column":null}},"loc":{"start":{"line":443,"column":32},"end":{"line":492,"column":null}},"line":443},"16":{"name":"unsoldCurrentPlayerInternal","decl":{"start":{"line":494,"column":15},"end":{"line":494,"column":null}},"loc":{"start":{"line":499,"column":32},"end":{"line":515,"column":null}},"line":499},"17":{"name":"startReAuction","decl":{"start":{"line":519,"column":22},"end":{"line":519,"column":null}},"loc":{"start":{"line":523,"column":32},"end":{"line":546,"column":null}},"line":523},"18":{"name":"(anonymous_18)","decl":{"start":{"line":526,"column":28},"end":{"line":526,"column":40}},"loc":{"start":{"line":526,"column":40},"end":{"line":545,"column":3}},"line":526}},"branchMap":{"0":{"loc":{"start":{"line":62,"column":2},"end":{"line":64,"column":null}},"type":"if","locations":[{"start":{"line":62,"column":2},"end":{"line":64,"column":null}},{"start":{},"end":{}}],"line":62},"1":{"loc":{"start":{"line":72,"column":4},"end":{"line":74,"column":null}},"type":"if","locations":[{"start":{"line":72,"column":4},"end":{"line":74,"column":null}},{"start":{},"end":{}}],"line":72},"2":{"loc":{"start":{"line":88,"column":2},"end":{"line":88,"column":null}},"type":"default-arg","locations":[{"start":{"line":88,"column":27},"end":{"line":88,"column":null}}],"line":88},"3":{"loc":{"start":{"line":93,"column":4},"end":{"line":95,"column":null}},"type":"if","locations":[{"start":{"line":93,"column":4},"end":{"line":95,"column":null}},{"start":{},"end":{}}],"line":93},"4":{"loc":{"start":{"line":106,"column":2},"end":{"line":108,"column":null}},"type":"if","locations":[{"start":{"line":106,"column":2},"end":{"line":108,"column":null}},{"start":{},"end":{}}],"line":106},"5":{"loc":{"start":{"line":123,"column":2},"end":{"line":123,"column":null}},"type":"if","locations":[{"start":{"line":123,"column":2},"end":{"line":123,"column":null}},{"start":{},"end":{}}],"line":123},"6":{"loc":{"start":{"line":128,"column":2},"end":{"line":133,"column":null}},"type":"if","locations":[{"start":{"line":128,"column":2},"end":{"line":133,"column":null}},{"start":{},"end":{}}],"line":128},"7":{"loc":{"start":{"line":156,"column":4},"end":{"line":156,"column":null}},"type":"if","locations":[{"start":{"line":156,"column":4},"end":{"line":156,"column":null}},{"start":{},"end":{}}],"line":156},"8":{"loc":{"start":{"line":159,"column":4},"end":{"line":161,"column":null}},"type":"if","locations":[{"start":{"line":159,"column":4},"end":{"line":161,"column":null}},{"start":{},"end":{}}],"line":159},"9":{"loc":{"start":{"line":165,"column":4},"end":{"line":167,"column":null}},"type":"if","locations":[{"start":{"line":165,"column":4},"end":{"line":167,"column":null}},{"start":{},"end":{}}],"line":165},"10":{"loc":{"start":{"line":165,"column":8},"end":{"line":165,"column":73}},"type":"binary-expr","locations":[{"start":{"line":165,"column":8},"end":{"line":165,"column":18}},{"start":{"line":165,"column":18},"end":{"line":165,"column":48}},{"start":{"line":165,"column":48},"end":{"line":165,"column":73}}],"line":165},"11":{"loc":{"start":{"line":168,"column":4},"end":{"line":170,"column":null}},"type":"if","locations":[{"start":{"line":168,"column":4},"end":{"line":170,"column":null}},{"start":{},"end":{}}],"line":168},"12":{"loc":{"start":{"line":171,"column":4},"end":{"line":173,"column":null}},"type":"if","locations":[{"start":{"line":171,"column":4},"end":{"line":173,"column":null}},{"start":{},"end":{}}],"line":171},"13":{"loc":{"start":{"line":177,"column":4},"end":{"line":177,"column":null}},"type":"if","locations":[{"start":{"line":177,"column":4},"end":{"line":177,"column":null}},{"start":{},"end":{}}],"line":177},"14":{"loc":{"start":{"line":181,"column":4},"end":{"line":183,"column":null}},"type":"if","locations":[{"start":{"line":181,"column":4},"end":{"line":183,"column":null}},{"start":{},"end":{}}],"line":181},"15":{"loc":{"start":{"line":187,"column":4},"end":{"line":187,"column":null}},"type":"if","locations":[{"start":{"line":187,"column":4},"end":{"line":187,"column":null}},{"start":{},"end":{}}],"line":187},"16":{"loc":{"start":{"line":196,"column":42},"end":{"line":196,"column":73}},"type":"binary-expr","locations":[{"start":{"line":196,"column":42},"end":{"line":196,"column":56}},{"start":{"line":196,"column":56},"end":{"line":196,"column":73}}],"line":196},"17":{"loc":{"start":{"line":199,"column":4},"end":{"line":201,"column":null}},"type":"if","locations":[{"start":{"line":199,"column":4},"end":{"line":201,"column":null}},{"start":{},"end":{}}],"line":199},"18":{"loc":{"start":{"line":205,"column":20},"end":{"line":207,"column":null}},"type":"cond-expr","locations":[{"start":{"line":206,"column":8},"end":{"line":206,"column":null}},{"start":{"line":207,"column":8},"end":{"line":207,"column":null}}],"line":205},"19":{"loc":{"start":{"line":212,"column":4},"end":{"line":214,"column":null}},"type":"if","locations":[{"start":{"line":212,"column":4},"end":{"line":214,"column":null}},{"start":{},"end":{}}],"line":212},"20":{"loc":{"start":{"line":261,"column":4},"end":{"line":261,"column":null}},"type":"if","locations":[{"start":{"line":261,"column":4},"end":{"line":261,"column":null}},{"start":{},"end":{}}],"line":261},"21":{"loc":{"start":{"line":261,"column":8},"end":{"line":261,"column":49}},"type":"binary-expr","locations":[{"start":{"line":261,"column":8},"end":{"line":261,"column":18}},{"start":{"line":261,"column":18},"end":{"line":261,"column":49}}],"line":261},"22":{"loc":{"start":{"line":285,"column":4},"end":{"line":285,"column":null}},"type":"if","locations":[{"start":{"line":285,"column":4},"end":{"line":285,"column":null}},{"start":{},"end":{}}],"line":285},"23":{"loc":{"start":{"line":285,"column":8},"end":{"line":285,"column":49}},"type":"binary-expr","locations":[{"start":{"line":285,"column":8},"end":{"line":285,"column":18}},{"start":{"line":285,"column":18},"end":{"line":285,"column":49}}],"line":285},"24":{"loc":{"start":{"line":295,"column":23},"end":{"line":297,"column":null}},"type":"cond-expr","locations":[{"start":{"line":296,"column":10},"end":{"line":296,"column":null}},{"start":{"line":297,"column":10},"end":{"line":297,"column":null}}],"line":295},"25":{"loc":{"start":{"line":317,"column":4},"end":{"line":317,"column":null}},"type":"if","locations":[{"start":{"line":317,"column":4},"end":{"line":317,"column":null}},{"start":{},"end":{}}],"line":317},"26":{"loc":{"start":{"line":322,"column":4},"end":{"line":351,"column":null}},"type":"if","locations":[{"start":{"line":322,"column":4},"end":{"line":351,"column":null}},{"start":{},"end":{}}],"line":322},"27":{"loc":{"start":{"line":324,"column":6},"end":{"line":337,"column":null}},"type":"if","locations":[{"start":{"line":324,"column":6},"end":{"line":337,"column":null}},{"start":{},"end":{}}],"line":324},"28":{"loc":{"start":{"line":393,"column":4},"end":{"line":393,"column":null}},"type":"if","locations":[{"start":{"line":393,"column":4},"end":{"line":393,"column":null}},{"start":{},"end":{}}],"line":393},"29":{"loc":{"start":{"line":393,"column":8},"end":{"line":393,"column":49}},"type":"binary-expr","locations":[{"start":{"line":393,"column":8},"end":{"line":393,"column":18}},{"start":{"line":393,"column":18},"end":{"line":393,"column":49}}],"line":393},"30":{"loc":{"start":{"line":394,"column":4},"end":{"line":394,"column":null}},"type":"if","locations":[{"start":{"line":394,"column":4},"end":{"line":394,"column":null}},{"start":{},"end":{}}],"line":394},"31":{"loc":{"start":{"line":400,"column":4},"end":{"line":400,"column":null}},"type":"if","locations":[{"start":{"line":400,"column":4},"end":{"line":400,"column":null}},{"start":{},"end":{}}],"line":400},"32":{"loc":{"start":{"line":403,"column":4},"end":{"line":433,"column":null}},"type":"if","locations":[{"start":{"line":403,"column":4},"end":{"line":433,"column":null}},{"start":{"line":424,"column":11},"end":{"line":433,"column":null}}],"line":403},"33":{"loc":{"start":{"line":403,"column":8},"end":{"line":403,"column":80}},"type":"binary-expr","locations":[{"start":{"line":403,"column":8},"end":{"line":403,"column":33}},{"start":{"line":403,"column":33},"end":{"line":403,"column":58}},{"start":{"line":403,"column":58},"end":{"line":403,"column":80}}],"line":403},"34":{"loc":{"start":{"line":429,"column":24},"end":{"line":431,"column":null}},"type":"cond-expr","locations":[{"start":{"line":430,"column":10},"end":{"line":430,"column":null}},{"start":{"line":431,"column":10},"end":{"line":431,"column":null}}],"line":429},"35":{"loc":{"start":{"line":445,"column":2},"end":{"line":445,"column":null}},"type":"if","locations":[{"start":{"line":445,"column":2},"end":{"line":445,"column":null}},{"start":{},"end":{}}],"line":445},"36":{"loc":{"start":{"line":450,"column":2},"end":{"line":478,"column":null}},"type":"if","locations":[{"start":{"line":450,"column":2},"end":{"line":478,"column":null}},{"start":{},"end":{}}],"line":450},"37":{"loc":{"start":{"line":452,"column":4},"end":{"line":465,"column":null}},"type":"if","locations":[{"start":{"line":452,"column":4},"end":{"line":465,"column":null}},{"start":{},"end":{}}],"line":452},"38":{"loc":{"start":{"line":508,"column":21},"end":{"line":510,"column":null}},"type":"cond-expr","locations":[{"start":{"line":509,"column":8},"end":{"line":509,"column":null}},{"start":{"line":510,"column":8},"end":{"line":510,"column":null}}],"line":508},"39":{"loc":{"start":{"line":528,"column":4},"end":{"line":528,"column":null}},"type":"if","locations":[{"start":{"line":528,"column":4},"end":{"line":528,"column":null}},{"start":{},"end":{}}],"line":528},"40":{"loc":{"start":{"line":528,"column":8},"end":{"line":528,"column":48}},"type":"binary-expr","locations":[{"start":{"line":528,"column":8},"end":{"line":528,"column":18}},{"start":{"line":528,"column":18},"end":{"line":528,"column":48}}],"line":528}},"s":{"0":3,"1":26,"2":3,"3":26,"4":16,"5":16,"6":46,"7":16,"8":0,"9":9,"10":9,"11":22,"12":22,"13":9,"14":9,"15":2,"16":7,"17":7,"18":7,"19":28,"20":7,"21":7,"22":28,"23":7,"24":1,"25":6,"26":6,"27":1,"28":5,"29":9,"30":9,"31":9,"32":9,"33":0,"34":9,"35":1,"36":8,"37":8,"38":1,"39":7,"40":1,"41":6,"42":1,"43":5,"44":5,"45":1,"46":4,"47":4,"48":1,"49":3,"50":3,"51":1,"52":2,"53":2,"54":2,"55":0,"56":2,"57":0,"58":2,"59":2,"60":9,"61":9,"62":9,"63":1,"64":2,"65":2,"66":2,"67":2,"68":2,"69":4,"70":4,"71":4,"72":4,"73":1,"74":3,"75":3,"76":3,"77":2,"78":2,"79":2,"80":2,"81":0,"82":2,"83":2,"84":2,"85":2,"86":5,"87":5,"88":5,"89":5,"90":0,"91":5,"92":5,"93":5,"94":2,"95":1,"96":1,"97":1,"98":1,"99":1,"100":1,"101":3,"102":3,"103":3,"104":5,"105":5,"106":5,"107":5,"108":1,"109":4,"110":0,"111":4,"112":4,"113":4,"114":1,"115":3,"116":2,"117":2,"118":2,"119":2,"120":2,"121":2,"122":1,"123":1,"124":1,"125":3,"126":3,"127":0,"128":3,"129":3,"130":3,"131":1,"132":0,"133":0,"134":0,"135":1,"136":1,"137":1,"138":2,"139":2,"140":2,"141":1,"142":1,"143":1,"144":1,"145":1,"146":1,"147":1,"148":1,"149":0,"150":1,"151":1,"152":1,"153":1},"f":{"0":26,"1":16,"2":9,"3":28,"4":9,"5":9,"6":0,"7":4,"8":4,"9":2,"10":2,"11":5,"12":5,"13":5,"14":5,"15":3,"16":1,"17":1,"18":1},"b":{"0":[3,23],"1":[16,30],"2":[9],"3":[22,0],"4":[2,7],"5":[1,6],"6":[1,5],"7":[0,9],"8":[1,8],"9":[1,7],"10":[8,8,1],"11":[1,6],"12":[1,5],"13":[1,4],"14":[1,3],"15":[1,2],"16":[0,0],"17":[0,2],"18":[2,0],"19":[1,8],"20":[1,3],"21":[4,4],"22":[0,2],"23":[2,2],"24":[2,0],"25":[0,5],"26":[2,3],"27":[1,1],"28":[1,4],"29":[5,5],"30":[0,4],"31":[1,3],"32":[2,1],"33":[3,2,2],"34":[1,0],"35":[0,3],"36":[1,2],"37":[0,1],"38":[1,0],"39":[0,1],"40":[1,1]},"meta":{"lastBranch":41,"lastFunction":19,"lastStatement":154,"seen":{"s:59:20:59:Infinity":0,"f:61:9:61:22":0,"b:62:2:64:Infinity:undefined:undefined:undefined:undefined":0,"s:62:2:64:Infinity":1,"s:63:4:63:Infinity":2,"s:65:2:65:Infinity":3,"f:70:16:70:34":1,"s:71:2:75:Infinity":4,"s:71:15:71:42":5,"b:72:4:74:Infinity:undefined:undefined:undefined:undefined":1,"s:72:4:74:Infinity":6,"s:73:6:73:Infinity":7,"s:76:2:76:Infinity":8,"f:81:16:81:Infinity":2,"b:88:27:88:Infinity":2,"s:91:49:91:Infinity":9,"s:92:2:96:Infinity":10,"b:93:4:95:Infinity:undefined:undefined:undefined:undefined":3,"s:93:4:95:Infinity":11,"s:94:6:94:Infinity":12,"s:99:49:104:Infinity":13,"b:106:2:108:Infinity:undefined:undefined:undefined:undefined":4,"s:106:2:108:Infinity":14,"s:107:4:107:Infinity":15,"s:111:25:111:Infinity":16,"s:114:60:114:Infinity":17,"s:115:2:117:Infinity":18,"s:116:4:116:Infinity":19,"s:120:2:120:Infinity":20,"s:122:30:122:Infinity":21,"f:122:71:122:79":3,"s:122:88:122:95":22,"b:123:2:123:Infinity:undefined:undefined:undefined:undefined":5,"s:123:2:123:Infinity":23,"s:123:33:123:Infinity":24,"s:126:25:126:Infinity":25,"b:128:2:133:Infinity:undefined:undefined:undefined:undefined":6,"s:128:2:133:Infinity":26,"s:129:4:132:Infinity":27,"s:135:2:135:Infinity":28,"f:140:22:140:Infinity":4,"s:151:16:151:Infinity":29,"s:153:2:247:Infinity":30,"f:153:28:153:40":5,"s:155:18:155:Infinity":31,"b:156:4:156:Infinity:undefined:undefined:undefined:undefined":7,"s:156:4:156:Infinity":32,"s:156:16:156:Infinity":33,"b:159:4:161:Infinity:undefined:undefined:undefined:undefined":8,"s:159:4:161:Infinity":34,"s:160:6:160:Infinity":35,"s:164:17:164:Infinity":36,"b:165:4:167:Infinity:undefined:undefined:undefined:undefined":9,"s:165:4:167:Infinity":37,"b:165:8:165:18:165:18:165:48:165:48:165:73":10,"s:166:6:166:Infinity":38,"b:168:4:170:Infinity:undefined:undefined:undefined:undefined":11,"s:168:4:170:Infinity":39,"s:169:6:169:Infinity":40,"b:171:4:173:Infinity:undefined:undefined:undefined:undefined":12,"s:171:4:173:Infinity":41,"s:172:6:172:Infinity":42,"s:176:19:176:Infinity":43,"b:177:4:177:Infinity:undefined:undefined:undefined:undefined":13,"s:177:4:177:Infinity":44,"s:177:17:177:Infinity":45,"s:180:19:180:Infinity":46,"b:181:4:183:Infinity:undefined:undefined:undefined:undefined":14,"s:181:4:183:Infinity":47,"s:182:6:182:Infinity":48,"s:186:19:186:Infinity":49,"b:187:4:187:Infinity:undefined:undefined:undefined:undefined":15,"s:187:4:187:Infinity":50,"s:187:17:187:Infinity":51,"s:189:19:189:Infinity":52,"s:190:23:190:Infinity":53,"s:191:29:198:Infinity":54,"f:196:13:196:18":6,"s:196:30:196:98":55,"b:196:42:196:56:196:56:196:73":16,"b:199:4:201:Infinity:undefined:undefined:undefined:undefined":17,"s:199:4:201:Infinity":56,"s:200:6:200:Infinity":57,"s:204:16:204:Infinity":58,"s:205:20:207:Infinity":59,"b:206:8:206:Infinity:207:8:207:Infinity":18,"s:208:25:208:Infinity":60,"s:211:22:211:Infinity":61,"b:212:4:214:Infinity:undefined:undefined:undefined:undefined":19,"s:212:4:214:Infinity":62,"s:213:6:213:Infinity":63,"s:216:35:222:Infinity":64,"s:225:4:225:Infinity":65,"s:228:4:235:Infinity":66,"s:237:4:244:Infinity":67,"s:246:4:246:Infinity":68,"f:252:22:252:Infinity":7,"s:257:16:257:Infinity":69,"s:259:2:271:Infinity":70,"f:259:28:259:40":8,"s:260:18:260:Infinity":71,"b:261:4:261:Infinity:undefined:undefined:undefined:undefined":20,"s:261:4:261:Infinity":72,"b:261:8:261:18:261:18:261:49":21,"s:261:49:261:Infinity":73,"s:263:35:267:Infinity":74,"s:269:4:269:Infinity":75,"s:270:4:270:Infinity":76,"f:276:22:276:Infinity":9,"s:281:16:281:Infinity":77,"s:283:2:303:Infinity":78,"f:283:28:283:40":10,"s:284:18:284:Infinity":79,"b:285:4:285:Infinity:undefined:undefined:undefined:undefined":22,"s:285:4:285:Infinity":80,"b:285:8:285:18:285:18:285:49":23,"s:285:49:285:Infinity":81,"s:287:28:287:Infinity":82,"s:288:35:299:Infinity":83,"b:296:10:296:Infinity:297:10:297:Infinity":24,"s:301:4:301:Infinity":84,"s:302:4:302:Infinity":85,"f:308:22:308:Infinity":11,"s:313:16:313:Infinity":86,"s:315:2:366:Infinity":87,"f:315:28:315:40":12,"s:316:18:316:Infinity":88,"b:317:4:317:Infinity:undefined:undefined:undefined:undefined":25,"s:317:4:317:Infinity":89,"s:317:16:317:Infinity":90,"s:319:18:319:Infinity":91,"s:320:25:320:Infinity":92,"b:322:4:351:Infinity:undefined:undefined:undefined:undefined":26,"s:322:4:351:Infinity":93,"b:324:6:337:Infinity:undefined:undefined:undefined:undefined":27,"s:324:6:337:Infinity":94,"s:326:39:334:Infinity":95,"s:335:8:335:Infinity":96,"s:336:8:336:Infinity":97,"s:340:37:348:Infinity":98,"s:349:6:349:Infinity":99,"s:350:6:350:Infinity":100,"s:353:35:362:Infinity":101,"s:364:4:364:Infinity":102,"s:365:4:365:Infinity":103,"f:382:22:382:Infinity":13,"s:389:16:389:Infinity":104,"s:391:2:434:Infinity":105,"f:391:28:391:40":14,"s:392:18:392:Infinity":106,"b:393:4:393:Infinity:undefined:undefined:undefined:undefined":28,"s:393:4:393:Infinity":107,"b:393:8:393:18:393:18:393:49":29,"s:393:49:393:Infinity":108,"b:394:4:394:Infinity:undefined:undefined:undefined:undefined":30,"s:394:4:394:Infinity":109,"s:394:28:394:Infinity":110,"s:396:16:396:Infinity":111,"s:397:21:397:Infinity":112,"b:400:4:400:Infinity:undefined:undefined:undefined:undefined":31,"s:400:4:400:Infinity":113,"s:400:24:400:Infinity":114,"b:403:4:433:Infinity:424:11:433:Infinity":32,"s:403:4:433:Infinity":115,"b:403:8:403:33:403:33:403:58:403:58:403:80":33,"s:405:6:405:Infinity":116,"s:406:6:411:Infinity":117,"s:414:38:418:Infinity":118,"s:419:6:419:Infinity":119,"s:422:24:422:Infinity":120,"s:423:6:423:Infinity":121,"s:426:26:426:Infinity":122,"s:429:24:431:Infinity":123,"b:430:10:430:Infinity:431:10:431:Infinity":34,"s:432:6:432:Infinity":124,"f:439:15:439:Infinity":15,"s:444:16:444:Infinity":125,"b:445:2:445:Infinity:undefined:undefined:undefined:undefined":35,"s:445:2:445:Infinity":126,"s:445:14:445:Infinity":127,"s:447:16:447:Infinity":128,"s:448:23:448:Infinity":129,"b:450:2:478:Infinity:undefined:undefined:undefined:undefined":36,"s:450:2:478:Infinity":130,"b:452:4:465:Infinity:undefined:undefined:undefined:undefined":37,"s:452:4:465:Infinity":131,"s:454:37:462:Infinity":132,"s:463:6:463:Infinity":133,"s:464:6:464:Infinity":134,"s:467:35:475:Infinity":135,"s:476:4:476:Infinity":136,"s:477:4:477:Infinity":137,"s:480:33:489:Infinity":138,"s:490:2:490:Infinity":139,"s:491:2:491:Infinity":140,"f:494:15:494:Infinity":16,"s:500:26:500:Infinity":141,"s:501:33:512:Infinity":142,"b:509:8:509:Infinity:510:8:510:Infinity":38,"s:513:2:513:Infinity":143,"s:514:2:514:Infinity":144,"f:519:22:519:Infinity":17,"s:524:16:524:Infinity":145,"s:526:2:545:Infinity":146,"f:526:28:526:40":18,"s:527:18:527:Infinity":147,"b:528:4:528:Infinity:undefined:undefined:undefined:undefined":39,"s:528:4:528:Infinity":148,"b:528:8:528:18:528:18:528:48":40,"s:528:48:528:Infinity":149,"s:530:19:530:Infinity":150,"s:531:35:541:Infinity":151,"s:543:4:543:Infinity":152,"s:544:4:544:Infinity":153},"fnNames":{}}}
,"F:\\GITHUB\\Match-Mind\\backend\\src\\services\\authService.ts": {"path":"F:\\GITHUB\\Match-Mind\\backend\\src\\services\\authService.ts","statementMap":{"0":{"start":{"line":15,"column":28},"end":{"line":15,"column":null}},"1":{"start":{"line":16,"column":29},"end":{"line":16,"column":null}},"2":{"start":{"line":29,"column":20},"end":{"line":29,"column":null}},"3":{"start":{"line":30,"column":24},"end":{"line":30,"column":null}},"4":{"start":{"line":32,"column":2},"end":{"line":34,"column":null}},"5":{"start":{"line":33,"column":4},"end":{"line":33,"column":null}},"6":{"start":{"line":36,"column":2},"end":{"line":47,"column":null}},"7":{"start":{"line":54,"column":2},"end":{"line":63,"column":null}},"8":{"start":{"line":55,"column":17},"end":{"line":58,"column":null}},"9":{"start":{"line":59,"column":4},"end":{"line":59,"column":null}},"10":{"start":{"line":61,"column":4},"end":{"line":61,"column":null}},"11":{"start":{"line":62,"column":4},"end":{"line":62,"column":null}},"12":{"start":{"line":71,"column":15},"end":{"line":74,"column":null}},"13":{"start":{"line":75,"column":8},"end":{"line":75,"column":null}},"14":{"start":{"line":76,"column":2},"end":{"line":79,"column":null}},"15":{"start":{"line":80,"column":2},"end":{"line":80,"column":null}},"16":{"start":{"line":119,"column":4},"end":{"line":119,"column":null}},"17":{"start":{"line":128,"column":27},"end":{"line":128,"column":null}},"18":{"start":{"line":131,"column":21},"end":{"line":131,"column":null}},"19":{"start":{"line":132,"column":4},"end":{"line":134,"column":null}},"20":{"start":{"line":133,"column":6},"end":{"line":133,"column":null}},"21":{"start":{"line":137,"column":25},"end":{"line":137,"column":null}},"22":{"start":{"line":140,"column":17},"end":{"line":145,"column":null}},"23":{"start":{"line":148,"column":30},"end":{"line":152,"column":null}},"24":{"start":{"line":153,"column":4},"end":{"line":153,"column":null}},"25":{"start":{"line":155,"column":25},"end":{"line":155,"column":null}},"26":{"start":{"line":156,"column":19},"end":{"line":156,"column":null}},"27":{"start":{"line":158,"column":4},"end":{"line":169,"column":null}},"28":{"start":{"line":177,"column":27},"end":{"line":177,"column":null}},"29":{"start":{"line":179,"column":17},"end":{"line":179,"column":null}},"30":{"start":{"line":180,"column":4},"end":{"line":182,"column":null}},"31":{"start":{"line":181,"column":6},"end":{"line":181,"column":null}},"32":{"start":{"line":184,"column":18},"end":{"line":184,"column":null}},"33":{"start":{"line":185,"column":4},"end":{"line":187,"column":null}},"34":{"start":{"line":186,"column":6},"end":{"line":186,"column":null}},"35":{"start":{"line":189,"column":25},"end":{"line":189,"column":null}},"36":{"start":{"line":190,"column":19},"end":{"line":190,"column":null}},"37":{"start":{"line":192,"column":4},"end":{"line":203,"column":null}},"38":{"start":{"line":210,"column":26},"end":{"line":210,"column":null}},"39":{"start":{"line":211,"column":4},"end":{"line":213,"column":null}},"40":{"start":{"line":212,"column":6},"end":{"line":212,"column":null}},"41":{"start":{"line":216,"column":4},"end":{"line":220,"column":null}},"42":{"start":{"line":217,"column":6},"end":{"line":217,"column":null}},"43":{"start":{"line":219,"column":6},"end":{"line":219,"column":null}},"44":{"start":{"line":222,"column":17},"end":{"line":222,"column":null}},"45":{"start":{"line":223,"column":4},"end":{"line":225,"column":null}},"46":{"start":{"line":224,"column":6},"end":{"line":224,"column":null}},"47":{"start":{"line":227,"column":25},"end":{"line":227,"column":null}},"48":{"start":{"line":228,"column":4},"end":{"line":228,"column":null}},"49":{"start":{"line":235,"column":4},"end":{"line":238,"column":null}},"50":{"start":{"line":236,"column":6},"end":{"line":236,"column":null}},"51":{"start":{"line":237,"column":6},"end":{"line":237,"column":null}},"52":{"start":{"line":239,"column":17},"end":{"line":239,"column":null}},"53":{"start":{"line":240,"column":4},"end":{"line":247,"column":null}},"54":{"start":{"line":241,"column":25},"end":{"line":245,"column":null}},"55":{"start":{"line":246,"column":6},"end":{"line":246,"column":null}},"56":{"start":{"line":260,"column":4},"end":{"line":260,"column":null}},"57":{"start":{"line":261,"column":4},"end":{"line":261,"column":null}},"58":{"start":{"line":262,"column":4},"end":{"line":262,"column":null}},"59":{"start":{"line":263,"column":4},"end":{"line":263,"column":null}},"60":{"start":{"line":264,"column":4},"end":{"line":264,"column":null}}},"fnMap":{"0":{"name":"generateTokens","decl":{"start":{"line":28,"column":16},"end":{"line":28,"column":31}},"loc":{"start":{"line":28,"column":81},"end":{"line":48,"column":null}},"line":28},"1":{"name":"getTokenVersion","decl":{"start":{"line":53,"column":22},"end":{"line":53,"column":38}},"loc":{"start":{"line":53,"column":84},"end":{"line":64,"column":null}},"line":53},"2":{"name":"revokeTokens","decl":{"start":{"line":70,"column":22},"end":{"line":70,"column":35}},"loc":{"start":{"line":70,"column":81},"end":{"line":81,"column":null}},"line":70},"3":{"name":"constructor","decl":{"start":{"line":118,"column":2},"end":{"line":118,"column":14}},"loc":{"start":{"line":118,"column":37},"end":{"line":120,"column":null}},"line":118},"4":{"name":"signup","decl":{"start":{"line":127,"column":8},"end":{"line":127,"column":15}},"loc":{"start":{"line":127,"column":89},"end":{"line":170,"column":null}},"line":127},"5":{"name":"login","decl":{"start":{"line":176,"column":8},"end":{"line":176,"column":14}},"loc":{"start":{"line":176,"column":69},"end":{"line":204,"column":null}},"line":176},"6":{"name":"refreshToken","decl":{"start":{"line":209,"column":8},"end":{"line":209,"column":21}},"loc":{"start":{"line":209,"column":63},"end":{"line":229,"column":null}},"line":209},"7":{"name":"generatePasswordResetToken","decl":{"start":{"line":234,"column":8},"end":{"line":234,"column":35}},"loc":{"start":{"line":234,"column":65},"end":{"line":249,"column":null}},"line":234},"8":{"name":"constructor_2","decl":{"start":{"line":259,"column":2},"end":{"line":259,"column":14}},"loc":{"start":{"line":259,"column":65},"end":{"line":265,"column":null}},"line":259}},"branchMap":{"0":{"loc":{"start":{"line":32,"column":2},"end":{"line":34,"column":null}},"type":"if","locations":[{"start":{"line":32,"column":2},"end":{"line":34,"column":null}},{"start":{},"end":{}}],"line":32},"1":{"loc":{"start":{"line":32,"column":6},"end":{"line":32,"column":36}},"type":"binary-expr","locations":[{"start":{"line":32,"column":6},"end":{"line":32,"column":20}},{"start":{"line":32,"column":20},"end":{"line":32,"column":36}}],"line":32},"2":{"loc":{"start":{"line":38,"column":30},"end":{"line":38,"column":48}},"type":"binary-expr","locations":[{"start":{"line":38,"column":30},"end":{"line":38,"column":46}},{"start":{"line":38,"column":46},"end":{"line":38,"column":48}}],"line":38},"3":{"loc":{"start":{"line":43,"column":30},"end":{"line":43,"column":48}},"type":"binary-expr","locations":[{"start":{"line":43,"column":30},"end":{"line":43,"column":46}},{"start":{"line":43,"column":46},"end":{"line":43,"column":48}}],"line":43},"4":{"loc":{"start":{"line":59,"column":11},"end":{"line":59,"column":null}},"type":"binary-expr","locations":[{"start":{"line":59,"column":11},"end":{"line":59,"column":33}},{"start":{"line":59,"column":33},"end":{"line":59,"column":null}}],"line":59},"5":{"loc":{"start":{"line":75,"column":22},"end":{"line":75,"column":49}},"type":"binary-expr","locations":[{"start":{"line":75,"column":22},"end":{"line":75,"column":44}},{"start":{"line":75,"column":44},"end":{"line":75,"column":49}}],"line":75},"6":{"loc":{"start":{"line":132,"column":4},"end":{"line":134,"column":null}},"type":"if","locations":[{"start":{"line":132,"column":4},"end":{"line":134,"column":null}},{"start":{},"end":{}}],"line":132},"7":{"loc":{"start":{"line":180,"column":4},"end":{"line":182,"column":null}},"type":"if","locations":[{"start":{"line":180,"column":4},"end":{"line":182,"column":null}},{"start":{},"end":{}}],"line":180},"8":{"loc":{"start":{"line":180,"column":8},"end":{"line":180,"column":37}},"type":"binary-expr","locations":[{"start":{"line":180,"column":8},"end":{"line":180,"column":17}},{"start":{"line":180,"column":17},"end":{"line":180,"column":37}}],"line":180},"9":{"loc":{"start":{"line":185,"column":4},"end":{"line":187,"column":null}},"type":"if","locations":[{"start":{"line":185,"column":4},"end":{"line":187,"column":null}},{"start":{},"end":{}}],"line":185},"10":{"loc":{"start":{"line":211,"column":4},"end":{"line":213,"column":null}},"type":"if","locations":[{"start":{"line":211,"column":4},"end":{"line":213,"column":null}},{"start":{},"end":{}}],"line":211},"11":{"loc":{"start":{"line":223,"column":4},"end":{"line":225,"column":null}},"type":"if","locations":[{"start":{"line":223,"column":4},"end":{"line":225,"column":null}},{"start":{},"end":{}}],"line":223},"12":{"loc":{"start":{"line":235,"column":4},"end":{"line":238,"column":null}},"type":"if","locations":[{"start":{"line":235,"column":4},"end":{"line":238,"column":null}},{"start":{},"end":{}}],"line":235},"13":{"loc":{"start":{"line":240,"column":4},"end":{"line":247,"column":null}},"type":"if","locations":[{"start":{"line":240,"column":4},"end":{"line":247,"column":null}},{"start":{},"end":{}}],"line":240}},"s":{"0":2,"1":2,"2":0,"3":0,"4":0,"5":0,"6":0,"7":0,"8":0,"9":0,"10":0,"11":0,"12":0,"13":0,"14":0,"15":0,"16":0,"17":0,"18":0,"19":0,"20":0,"21":0,"22":0,"23":0,"24":0,"25":0,"26":0,"27":0,"28":0,"29":0,"30":0,"31":0,"32":0,"33":0,"34":0,"35":0,"36":0,"37":0,"38":0,"39":0,"40":0,"41":0,"42":0,"43":0,"44":0,"45":0,"46":0,"47":0,"48":0,"49":0,"50":0,"51":0,"52":0,"53":0,"54":0,"55":0,"56":0,"57":0,"58":0,"59":0,"60":0},"f":{"0":0,"1":0,"2":0,"3":0,"4":0,"5":0,"6":0,"7":0,"8":0},"b":{"0":[0,0],"1":[0,0],"2":[0,0],"3":[0,0],"4":[0,0],"5":[0,0],"6":[0,0],"7":[0,0],"8":[0,0],"9":[0,0],"10":[0,0],"11":[0,0],"12":[0,0],"13":[0,0]},"meta":{"lastBranch":14,"lastFunction":9,"lastStatement":61,"seen":{"s:15:28:15:Infinity":0,"s:16:29:16:Infinity":1,"f:28:16:28:31":0,"s:29:20:29:Infinity":2,"s:30:24:30:Infinity":3,"b:32:2:34:Infinity:undefined:undefined:undefined:undefined":0,"s:32:2:34:Infinity":4,"b:32:6:32:20:32:20:32:36":1,"s:33:4:33:Infinity":5,"s:36:2:47:Infinity":6,"b:38:30:38:46:38:46:38:48":2,"b:43:30:43:46:43:46:43:48":3,"f:53:22:53:38":1,"s:54:2:63:Infinity":7,"s:55:17:58:Infinity":8,"s:59:4:59:Infinity":9,"b:59:11:59:33:59:33:59:Infinity":4,"s:61:4:61:Infinity":10,"s:62:4:62:Infinity":11,"f:70:22:70:35":2,"s:71:15:74:Infinity":12,"s:75:8:75:Infinity":13,"b:75:22:75:44:75:44:75:49":5,"s:76:2:79:Infinity":14,"s:80:2:80:Infinity":15,"f:118:2:118:14":3,"s:119:4:119:Infinity":16,"f:127:8:127:15":4,"s:128:27:128:Infinity":17,"s:131:21:131:Infinity":18,"b:132:4:134:Infinity:undefined:undefined:undefined:undefined":6,"s:132:4:134:Infinity":19,"s:133:6:133:Infinity":20,"s:137:25:137:Infinity":21,"s:140:17:145:Infinity":22,"s:148:30:152:Infinity":23,"s:153:4:153:Infinity":24,"s:155:25:155:Infinity":25,"s:156:19:156:Infinity":26,"s:158:4:169:Infinity":27,"f:176:8:176:14":5,"s:177:27:177:Infinity":28,"s:179:17:179:Infinity":29,"b:180:4:182:Infinity:undefined:undefined:undefined:undefined":7,"s:180:4:182:Infinity":30,"b:180:8:180:17:180:17:180:37":8,"s:181:6:181:Infinity":31,"s:184:18:184:Infinity":32,"b:185:4:187:Infinity:undefined:undefined:undefined:undefined":9,"s:185:4:187:Infinity":33,"s:186:6:186:Infinity":34,"s:189:25:189:Infinity":35,"s:190:19:190:Infinity":36,"s:192:4:203:Infinity":37,"f:209:8:209:21":6,"s:210:26:210:Infinity":38,"b:211:4:213:Infinity:undefined:undefined:undefined:undefined":10,"s:211:4:213:Infinity":39,"s:212:6:212:Infinity":40,"s:216:4:220:Infinity":41,"s:217:6:217:Infinity":42,"s:219:6:219:Infinity":43,"s:222:17:222:Infinity":44,"b:223:4:225:Infinity:undefined:undefined:undefined:undefined":11,"s:223:4:225:Infinity":45,"s:224:6:224:Infinity":46,"s:227:25:227:Infinity":47,"s:228:4:228:Infinity":48,"f:234:8:234:35":7,"b:235:4:238:Infinity:undefined:undefined:undefined:undefined":12,"s:235:4:238:Infinity":49,"s:236:6:236:Infinity":50,"s:237:6:237:Infinity":51,"s:239:17:239:Infinity":52,"b:240:4:247:Infinity:undefined:undefined:undefined:undefined":13,"s:240:4:247:Infinity":53,"s:241:25:245:Infinity":54,"s:246:6:246:Infinity":55,"f:259:2:259:14":8,"s:260:4:260:Infinity":56,"s:261:4:261:Infinity":57,"s:262:4:262:Infinity":58,"s:263:4:263:Infinity":59,"s:264:4:264:Infinity":60},"fnNames":{}}}
,"F:\\GITHUB\\Match-Mind\\backend\\src\\services\\draftRunService.ts": {"path":"F:\\GITHUB\\Match-Mind\\backend\\src\\services\\draftRunService.ts","statementMap":{"0":{"start":{"line":67,"column":29},"end":{"line":67,"column":null}},"1":{"start":{"line":68,"column":27},"end":{"line":68,"column":null}},"2":{"start":{"line":77,"column":18},"end":{"line":77,"column":null}},"3":{"start":{"line":78,"column":2},"end":{"line":78,"column":null}},"4":{"start":{"line":78,"column":16},"end":{"line":78,"column":null}},"5":{"start":{"line":79,"column":2},"end":{"line":79,"column":null}},"6":{"start":{"line":79,"column":33},"end":{"line":79,"column":null}},"7":{"start":{"line":80,"column":2},"end":{"line":82,"column":null}},"8":{"start":{"line":81,"column":4},"end":{"line":81,"column":null}},"9":{"start":{"line":85,"column":22},"end":{"line":87,"column":null}},"10":{"start":{"line":89,"column":2},"end":{"line":91,"column":null}},"11":{"start":{"line":90,"column":4},"end":{"line":90,"column":null}},"12":{"start":{"line":94,"column":14},"end":{"line":94,"column":null}},"13":{"start":{"line":95,"column":17},"end":{"line":112,"column":null}},"14":{"start":{"line":115,"column":2},"end":{"line":118,"column":null}},"15":{"start":{"line":120,"column":2},"end":{"line":125,"column":null}},"16":{"start":{"line":127,"column":2},"end":{"line":127,"column":null}},"17":{"start":{"line":137,"column":18},"end":{"line":137,"column":null}},"18":{"start":{"line":138,"column":2},"end":{"line":138,"column":null}},"19":{"start":{"line":138,"column":16},"end":{"line":138,"column":null}},"20":{"start":{"line":139,"column":2},"end":{"line":139,"column":null}},"21":{"start":{"line":139,"column":33},"end":{"line":139,"column":null}},"22":{"start":{"line":141,"column":17},"end":{"line":143,"column":null}},"23":{"start":{"line":145,"column":2},"end":{"line":147,"column":null}},"24":{"start":{"line":146,"column":4},"end":{"line":146,"column":null}},"25":{"start":{"line":150,"column":16},"end":{"line":152,"column":null}},"26":{"start":{"line":154,"column":31},"end":{"line":162,"column":null}},"27":{"start":{"line":155,"column":19},"end":{"line":155,"column":43}},"28":{"start":{"line":156,"column":17},"end":{"line":162,"column":6}},"29":{"start":{"line":164,"column":23},"end":{"line":164,"column":null}},"30":{"start":{"line":165,"column":22},"end":{"line":165,"column":null}},"31":{"start":{"line":168,"column":43},"end":{"line":168,"column":null}},"32":{"start":{"line":169,"column":17},"end":{"line":169,"column":null}},"33":{"start":{"line":171,"column":2},"end":{"line":182,"column":null}},"34":{"start":{"line":172,"column":22},"end":{"line":172,"column":null}},"35":{"start":{"line":173,"column":4},"end":{"line":181,"column":null}},"36":{"start":{"line":185,"column":28},"end":{"line":187,"column":null}},"37":{"start":{"line":189,"column":2},"end":{"line":200,"column":null}},"38":{"start":{"line":215,"column":18},"end":{"line":215,"column":null}},"39":{"start":{"line":216,"column":2},"end":{"line":216,"column":null}},"40":{"start":{"line":216,"column":16},"end":{"line":216,"column":null}},"41":{"start":{"line":217,"column":2},"end":{"line":217,"column":null}},"42":{"start":{"line":217,"column":33},"end":{"line":217,"column":null}},"43":{"start":{"line":219,"column":17},"end":{"line":221,"column":null}},"44":{"start":{"line":223,"column":2},"end":{"line":225,"column":null}},"45":{"start":{"line":224,"column":4},"end":{"line":224,"column":null}},"46":{"start":{"line":227,"column":2},"end":{"line":229,"column":null}},"47":{"start":{"line":228,"column":4},"end":{"line":228,"column":null}},"48":{"start":{"line":232,"column":16},"end":{"line":234,"column":null}},"49":{"start":{"line":236,"column":31},"end":{"line":244,"column":null}},"50":{"start":{"line":237,"column":19},"end":{"line":237,"column":43}},"51":{"start":{"line":238,"column":17},"end":{"line":244,"column":6}},"52":{"start":{"line":247,"column":29},"end":{"line":247,"column":null}},"53":{"start":{"line":249,"column":2},"end":{"line":254,"column":null}},"54":{"start":{"line":250,"column":4},"end":{"line":253,"column":null}},"55":{"start":{"line":257,"column":18},"end":{"line":257,"column":null}},"56":{"start":{"line":259,"column":2},"end":{"line":264,"column":null}},"57":{"start":{"line":260,"column":4},"end":{"line":263,"column":null}},"58":{"start":{"line":267,"column":24},"end":{"line":269,"column":null}},"59":{"start":{"line":271,"column":2},"end":{"line":273,"column":null}},"60":{"start":{"line":272,"column":4},"end":{"line":272,"column":null}},"61":{"start":{"line":275,"column":39},"end":{"line":283,"column":null}},"62":{"start":{"line":285,"column":23},"end":{"line":285,"column":null}},"63":{"start":{"line":286,"column":22},"end":{"line":286,"column":null}},"64":{"start":{"line":288,"column":2},"end":{"line":302,"column":null}},"65":{"start":{"line":313,"column":19},"end":{"line":317,"column":null}},"66":{"start":{"line":320,"column":2},"end":{"line":320,"column":null}},"67":{"start":{"line":344,"column":2},"end":{"line":518,"column":null}},"68":{"start":{"line":346,"column":24},"end":{"line":348,"column":null}},"69":{"start":{"line":350,"column":4},"end":{"line":357,"column":null}},"70":{"start":{"line":351,"column":6},"end":{"line":355,"column":null}},"71":{"start":{"line":356,"column":6},"end":{"line":356,"column":null}},"72":{"start":{"line":360,"column":23},"end":{"line":362,"column":null}},"73":{"start":{"line":363,"column":22},"end":{"line":363,"column":null}},"74":{"start":{"line":363,"column":57},"end":{"line":363,"column":66}},"75":{"start":{"line":366,"column":21},"end":{"line":366,"column":null}},"76":{"start":{"line":366,"column":57},"end":{"line":366,"column":72}},"77":{"start":{"line":369,"column":26},"end":{"line":369,"column":null}},"78":{"start":{"line":370,"column":46},"end":{"line":370,"column":null}},"79":{"start":{"line":372,"column":4},"end":{"line":397,"column":null}},"80":{"start":{"line":373,"column":20},"end":{"line":373,"column":null}},"81":{"start":{"line":374,"column":6},"end":{"line":378,"column":null}},"82":{"start":{"line":376,"column":8},"end":{"line":376,"column":null}},"83":{"start":{"line":377,"column":8},"end":{"line":377,"column":null}},"84":{"start":{"line":381,"column":28},"end":{"line":383,"column":null}},"85":{"start":{"line":385,"column":6},"end":{"line":396,"column":null}},"86":{"start":{"line":386,"column":23},"end":{"line":386,"column":null}},"87":{"start":{"line":386,"column":69},"end":{"line":386,"column":90}},"88":{"start":{"line":387,"column":8},"end":{"line":387,"column":null}},"89":{"start":{"line":388,"column":8},"end":{"line":388,"column":null}},"90":{"start":{"line":391,"column":23},"end":{"line":391,"column":null}},"91":{"start":{"line":392,"column":25},"end":{"line":392,"column":null}},"92":{"start":{"line":393,"column":23},"end":{"line":393,"column":null}},"93":{"start":{"line":394,"column":8},"end":{"line":394,"column":null}},"94":{"start":{"line":395,"column":8},"end":{"line":395,"column":null}},"95":{"start":{"line":400,"column":25},"end":{"line":402,"column":null}},"96":{"start":{"line":403,"column":30},"end":{"line":403,"column":null}},"97":{"start":{"line":404,"column":4},"end":{"line":404,"column":null}},"98":{"start":{"line":407,"column":28},"end":{"line":409,"column":null}},"99":{"start":{"line":412,"column":19},"end":{"line":412,"column":null}},"100":{"start":{"line":414,"column":4},"end":{"line":420,"column":null}},"101":{"start":{"line":415,"column":6},"end":{"line":415,"column":null}},"102":{"start":{"line":416,"column":11},"end":{"line":420,"column":null}},"103":{"start":{"line":417,"column":6},"end":{"line":417,"column":null}},"104":{"start":{"line":419,"column":6},"end":{"line":419,"column":null}},"105":{"start":{"line":422,"column":20},"end":{"line":422,"column":null}},"106":{"start":{"line":423,"column":22},"end":{"line":423,"column":null}},"107":{"start":{"line":424,"column":20},"end":{"line":424,"column":null}},"108":{"start":{"line":427,"column":36},"end":{"line":427,"column":null}},"109":{"start":{"line":428,"column":38},"end":{"line":428,"column":null}},"110":{"start":{"line":429,"column":35},"end":{"line":429,"column":null}},"111":{"start":{"line":431,"column":4},"end":{"line":437,"column":null}},"112":{"start":{"line":432,"column":6},"end":{"line":432,"column":null}},"113":{"start":{"line":433,"column":6},"end":{"line":433,"column":null}},"114":{"start":{"line":434,"column":11},"end":{"line":437,"column":null}},"115":{"start":{"line":435,"column":6},"end":{"line":435,"column":null}},"116":{"start":{"line":436,"column":6},"end":{"line":436,"column":null}},"117":{"start":{"line":440,"column":26},"end":{"line":442,"column":null}},"118":{"start":{"line":441,"column":21},"end":{"line":441,"column":73}},"119":{"start":{"line":442,"column":18},"end":{"line":442,"column":22}},"120":{"start":{"line":445,"column":24},"end":{"line":445,"column":null}},"121":{"start":{"line":446,"column":23},"end":{"line":454,"column":null}},"122":{"start":{"line":456,"column":27},"end":{"line":456,"column":null}},"123":{"start":{"line":457,"column":26},"end":{"line":457,"column":null}},"124":{"start":{"line":460,"column":4},"end":{"line":474,"column":null}},"125":{"start":{"line":477,"column":4},"end":{"line":482,"column":null}},"126":{"start":{"line":478,"column":6},"end":{"line":481,"column":null}},"127":{"start":{"line":484,"column":4},"end":{"line":495,"column":null}},"128":{"start":{"line":497,"column":4},"end":{"line":509,"column":null}},"129":{"start":{"line":511,"column":4},"end":{"line":516,"column":null}},"130":{"start":{"line":517,"column":4},"end":{"line":517,"column":null}},"131":{"start":{"line":524,"column":15},"end":{"line":524,"column":null}},"132":{"start":{"line":527,"column":2},"end":{"line":528,"column":null}},"133":{"start":{"line":527,"column":33},"end":{"line":527,"column":null}},"134":{"start":{"line":528,"column":7},"end":{"line":528,"column":null}},"135":{"start":{"line":528,"column":36},"end":{"line":528,"column":null}},"136":{"start":{"line":531,"column":21},"end":{"line":531,"column":null}},"137":{"start":{"line":532,"column":2},"end":{"line":532,"column":null}},"138":{"start":{"line":535,"column":2},"end":{"line":535,"column":null}},"139":{"start":{"line":538,"column":2},"end":{"line":540,"column":null}},"140":{"start":{"line":539,"column":4},"end":{"line":539,"column":null}},"141":{"start":{"line":543,"column":2},"end":{"line":543,"column":null}},"142":{"start":{"line":543,"column":24},"end":{"line":543,"column":null}},"143":{"start":{"line":546,"column":2},"end":{"line":546,"column":null}},"144":{"start":{"line":549,"column":2},"end":{"line":549,"column":null}},"145":{"start":{"line":550,"column":2},"end":{"line":550,"column":null}},"146":{"start":{"line":553,"column":2},"end":{"line":553,"column":null}},"147":{"start":{"line":554,"column":2},"end":{"line":554,"column":null}},"148":{"start":{"line":557,"column":2},"end":{"line":559,"column":null}},"149":{"start":{"line":558,"column":4},"end":{"line":558,"column":null}},"150":{"start":{"line":561,"column":2},"end":{"line":561,"column":null}}},"fnMap":{"0":{"name":"enterRun","decl":{"start":{"line":72,"column":22},"end":{"line":72,"column":null}},"loc":{"start":{"line":76,"column":74},"end":{"line":128,"column":null}},"line":76},"1":{"name":"getRunStatus","decl":{"start":{"line":132,"column":22},"end":{"line":132,"column":null}},"loc":{"start":{"line":136,"column":72},"end":{"line":201,"column":null}},"line":136},"2":{"name":"(anonymous_2)","decl":{"start":{"line":155,"column":5},"end":{"line":155,"column":13}},"loc":{"start":{"line":155,"column":19},"end":{"line":155,"column":43}},"line":155},"3":{"name":"(anonymous_3)","decl":{"start":{"line":156,"column":5},"end":{"line":156,"column":10}},"loc":{"start":{"line":156,"column":17},"end":{"line":162,"column":6}},"line":156},"4":{"name":"resolveNextMatchday","decl":{"start":{"line":205,"column":22},"end":{"line":205,"column":null}},"loc":{"start":{"line":214,"column":3},"end":{"line":303,"column":null}},"line":214},"5":{"name":"(anonymous_5)","decl":{"start":{"line":237,"column":5},"end":{"line":237,"column":13}},"loc":{"start":{"line":237,"column":19},"end":{"line":237,"column":43}},"line":237},"6":{"name":"(anonymous_6)","decl":{"start":{"line":238,"column":5},"end":{"line":238,"column":10}},"loc":{"start":{"line":238,"column":17},"end":{"line":244,"column":6}},"line":238},"7":{"name":"findUnresolvedFixtures","decl":{"start":{"line":307,"column":15},"end":{"line":307,"column":null}},"loc":{"start":{"line":311,"column":18},"end":{"line":321,"column":null}},"line":311},"8":{"name":"resolveNextRound","decl":{"start":{"line":325,"column":15},"end":{"line":325,"column":null}},"loc":{"start":{"line":343,"column":10},"end":{"line":519,"column":null}},"line":343},"9":{"name":"(anonymous_9)","decl":{"start":{"line":363,"column":41},"end":{"line":363,"column":46}},"loc":{"start":{"line":363,"column":57},"end":{"line":363,"column":66}},"line":363},"10":{"name":"(anonymous_10)","decl":{"start":{"line":366,"column":41},"end":{"line":366,"column":46}},"loc":{"start":{"line":366,"column":57},"end":{"line":366,"column":72}},"line":366},"11":{"name":"(anonymous_11)","decl":{"start":{"line":386,"column":37},"end":{"line":386,"column":45}},"loc":{"start":{"line":386,"column":69},"end":{"line":386,"column":90}},"line":386},"12":{"name":"(anonymous_12)","decl":{"start":{"line":441,"column":7},"end":{"line":441,"column":15}},"loc":{"start":{"line":441,"column":21},"end":{"line":441,"column":73}},"line":441},"13":{"name":"(anonymous_13)","decl":{"start":{"line":442,"column":7},"end":{"line":442,"column":12}},"loc":{"start":{"line":442,"column":18},"end":{"line":442,"column":22}},"line":442},"14":{"name":"computeApproximatePoints","decl":{"start":{"line":523,"column":9},"end":{"line":523,"column":34}},"loc":{"start":{"line":523,"column":72},"end":{"line":562,"column":null}},"line":523}},"branchMap":{"0":{"loc":{"start":{"line":78,"column":2},"end":{"line":78,"column":null}},"type":"if","locations":[{"start":{"line":78,"column":2},"end":{"line":78,"column":null}},{"start":{},"end":{}}],"line":78},"1":{"loc":{"start":{"line":79,"column":2},"end":{"line":79,"column":null}},"type":"if","locations":[{"start":{"line":79,"column":2},"end":{"line":79,"column":null}},{"start":{},"end":{}}],"line":79},"2":{"loc":{"start":{"line":80,"column":2},"end":{"line":82,"column":null}},"type":"if","locations":[{"start":{"line":80,"column":2},"end":{"line":82,"column":null}},{"start":{},"end":{}}],"line":80},"3":{"loc":{"start":{"line":89,"column":2},"end":{"line":91,"column":null}},"type":"if","locations":[{"start":{"line":89,"column":2},"end":{"line":91,"column":null}},{"start":{},"end":{}}],"line":89},"4":{"loc":{"start":{"line":138,"column":2},"end":{"line":138,"column":null}},"type":"if","locations":[{"start":{"line":138,"column":2},"end":{"line":138,"column":null}},{"start":{},"end":{}}],"line":138},"5":{"loc":{"start":{"line":139,"column":2},"end":{"line":139,"column":null}},"type":"if","locations":[{"start":{"line":139,"column":2},"end":{"line":139,"column":null}},{"start":{},"end":{}}],"line":139},"6":{"loc":{"start":{"line":145,"column":2},"end":{"line":147,"column":null}},"type":"if","locations":[{"start":{"line":145,"column":2},"end":{"line":147,"column":null}},{"start":{},"end":{}}],"line":145},"7":{"loc":{"start":{"line":161,"column":18},"end":{"line":161,"column":null}},"type":"binary-expr","locations":[{"start":{"line":161,"column":18},"end":{"line":161,"column":86}},{"start":{"line":161,"column":86},"end":{"line":161,"column":null}}],"line":161},"8":{"loc":{"start":{"line":164,"column":23},"end":{"line":164,"column":null}},"type":"binary-expr","locations":[{"start":{"line":164,"column":23},"end":{"line":164,"column":65}},{"start":{"line":164,"column":65},"end":{"line":164,"column":null}}],"line":164},"9":{"loc":{"start":{"line":165,"column":22},"end":{"line":165,"column":null}},"type":"binary-expr","locations":[{"start":{"line":165,"column":22},"end":{"line":165,"column":60}},{"start":{"line":165,"column":60},"end":{"line":165,"column":null}}],"line":165},"10":{"loc":{"start":{"line":169,"column":17},"end":{"line":169,"column":null}},"type":"binary-expr","locations":[{"start":{"line":169,"column":17},"end":{"line":169,"column":34}},{"start":{"line":169,"column":34},"end":{"line":169,"column":null}}],"line":169},"11":{"loc":{"start":{"line":171,"column":2},"end":{"line":182,"column":null}},"type":"if","locations":[{"start":{"line":171,"column":2},"end":{"line":182,"column":null}},{"start":{},"end":{}}],"line":171},"12":{"loc":{"start":{"line":180,"column":17},"end":{"line":180,"column":null}},"type":"binary-expr","locations":[{"start":{"line":180,"column":17},"end":{"line":180,"column":40}},{"start":{"line":180,"column":40},"end":{"line":180,"column":null}}],"line":180},"13":{"loc":{"start":{"line":185,"column":28},"end":{"line":187,"column":null}},"type":"cond-expr","locations":[{"start":{"line":186,"column":6},"end":{"line":186,"column":null}},{"start":{"line":187,"column":6},"end":{"line":187,"column":null}}],"line":185},"14":{"loc":{"start":{"line":185,"column":28},"end":{"line":185,"column":null}},"type":"binary-expr","locations":[{"start":{"line":185,"column":28},"end":{"line":185,"column":72}},{"start":{"line":185,"column":72},"end":{"line":185,"column":89}},{"start":{"line":185,"column":89},"end":{"line":185,"column":null}}],"line":185},"15":{"loc":{"start":{"line":216,"column":2},"end":{"line":216,"column":null}},"type":"if","locations":[{"start":{"line":216,"column":2},"end":{"line":216,"column":null}},{"start":{},"end":{}}],"line":216},"16":{"loc":{"start":{"line":217,"column":2},"end":{"line":217,"column":null}},"type":"if","locations":[{"start":{"line":217,"column":2},"end":{"line":217,"column":null}},{"start":{},"end":{}}],"line":217},"17":{"loc":{"start":{"line":223,"column":2},"end":{"line":225,"column":null}},"type":"if","locations":[{"start":{"line":223,"column":2},"end":{"line":225,"column":null}},{"start":{},"end":{}}],"line":223},"18":{"loc":{"start":{"line":227,"column":2},"end":{"line":229,"column":null}},"type":"if","locations":[{"start":{"line":227,"column":2},"end":{"line":229,"column":null}},{"start":{},"end":{}}],"line":227},"19":{"loc":{"start":{"line":243,"column":18},"end":{"line":243,"column":null}},"type":"binary-expr","locations":[{"start":{"line":243,"column":18},"end":{"line":243,"column":86}},{"start":{"line":243,"column":86},"end":{"line":243,"column":null}}],"line":243},"20":{"loc":{"start":{"line":249,"column":2},"end":{"line":254,"column":null}},"type":"if","locations":[{"start":{"line":249,"column":2},"end":{"line":254,"column":null}},{"start":{},"end":{}}],"line":249},"21":{"loc":{"start":{"line":259,"column":2},"end":{"line":264,"column":null}},"type":"if","locations":[{"start":{"line":259,"column":2},"end":{"line":264,"column":null}},{"start":{},"end":{}}],"line":259},"22":{"loc":{"start":{"line":271,"column":2},"end":{"line":273,"column":null}},"type":"if","locations":[{"start":{"line":271,"column":2},"end":{"line":273,"column":null}},{"start":{},"end":{}}],"line":271},"23":{"loc":{"start":{"line":278,"column":18},"end":{"line":278,"column":null}},"type":"binary-expr","locations":[{"start":{"line":278,"column":18},"end":{"line":278,"column":48}},{"start":{"line":278,"column":48},"end":{"line":278,"column":null}}],"line":278},"24":{"loc":{"start":{"line":279,"column":13},"end":{"line":279,"column":null}},"type":"cond-expr","locations":[{"start":{"line":279,"column":50},"end":{"line":279,"column":58}},{"start":{"line":279,"column":58},"end":{"line":279,"column":null}}],"line":279},"25":{"loc":{"start":{"line":279,"column":58},"end":{"line":279,"column":null}},"type":"cond-expr","locations":[{"start":{"line":279,"column":99},"end":{"line":279,"column":108}},{"start":{"line":279,"column":108},"end":{"line":279,"column":null}}],"line":279},"26":{"loc":{"start":{"line":280,"column":16},"end":{"line":280,"column":null}},"type":"binary-expr","locations":[{"start":{"line":280,"column":16},"end":{"line":280,"column":38}},{"start":{"line":280,"column":38},"end":{"line":280,"column":null}}],"line":280},"27":{"loc":{"start":{"line":281,"column":21},"end":{"line":281,"column":null}},"type":"binary-expr","locations":[{"start":{"line":281,"column":21},"end":{"line":281,"column":48}},{"start":{"line":281,"column":48},"end":{"line":281,"column":null}}],"line":281},"28":{"loc":{"start":{"line":282,"column":15},"end":{"line":282,"column":null}},"type":"binary-expr","locations":[{"start":{"line":282,"column":15},"end":{"line":282,"column":36}},{"start":{"line":282,"column":36},"end":{"line":282,"column":null}}],"line":282},"29":{"loc":{"start":{"line":285,"column":23},"end":{"line":285,"column":null}},"type":"binary-expr","locations":[{"start":{"line":285,"column":23},"end":{"line":285,"column":72}},{"start":{"line":285,"column":72},"end":{"line":285,"column":null}}],"line":285},"30":{"loc":{"start":{"line":286,"column":22},"end":{"line":286,"column":null}},"type":"binary-expr","locations":[{"start":{"line":286,"column":22},"end":{"line":286,"column":67}},{"start":{"line":286,"column":67},"end":{"line":286,"column":null}}],"line":286},"31":{"loc":{"start":{"line":293,"column":15},"end":{"line":293,"column":41}},"type":"binary-expr","locations":[{"start":{"line":293,"column":15},"end":{"line":293,"column":39}},{"start":{"line":293,"column":39},"end":{"line":293,"column":41}}],"line":293},"32":{"loc":{"start":{"line":298,"column":25},"end":{"line":300,"column":null}},"type":"cond-expr","locations":[{"start":{"line":299,"column":10},"end":{"line":299,"column":null}},{"start":{"line":300,"column":10},"end":{"line":300,"column":null}}],"line":298},"33":{"loc":{"start":{"line":350,"column":4},"end":{"line":357,"column":null}},"type":"if","locations":[{"start":{"line":350,"column":4},"end":{"line":357,"column":null}},{"start":{},"end":{}}],"line":350},"34":{"loc":{"start":{"line":350,"column":8},"end":{"line":350,"column":50}},"type":"binary-expr","locations":[{"start":{"line":350,"column":8},"end":{"line":350,"column":24}},{"start":{"line":350,"column":24},"end":{"line":350,"column":50}}],"line":350},"35":{"loc":{"start":{"line":374,"column":6},"end":{"line":378,"column":null}},"type":"if","locations":[{"start":{"line":374,"column":6},"end":{"line":378,"column":null}},{"start":{},"end":{}}],"line":374},"36":{"loc":{"start":{"line":385,"column":6},"end":{"line":396,"column":null}},"type":"if","locations":[{"start":{"line":385,"column":6},"end":{"line":396,"column":null}},{"start":{"line":389,"column":13},"end":{"line":396,"column":null}}],"line":385},"37":{"loc":{"start":{"line":385,"column":10},"end":{"line":385,"column":53}},"type":"binary-expr","locations":[{"start":{"line":385,"column":10},"end":{"line":385,"column":27}},{"start":{"line":385,"column":27},"end":{"line":385,"column":53}}],"line":385},"38":{"loc":{"start":{"line":392,"column":25},"end":{"line":392,"column":null}},"type":"binary-expr","locations":[{"start":{"line":392,"column":25},"end":{"line":392,"column":45}},{"start":{"line":392,"column":45},"end":{"line":392,"column":null}}],"line":392},"39":{"loc":{"start":{"line":400,"column":25},"end":{"line":402,"column":null}},"type":"cond-expr","locations":[{"start":{"line":400,"column":47},"end":{"line":401,"column":null}},{"start":{"line":402,"column":8},"end":{"line":402,"column":null}}],"line":400},"40":{"loc":{"start":{"line":400,"column":47},"end":{"line":401,"column":null}},"type":"binary-expr","locations":[{"start":{"line":400,"column":47},"end":{"line":401,"column":94}},{"start":{"line":401,"column":94},"end":{"line":401,"column":null}}],"line":400},"41":{"loc":{"start":{"line":414,"column":4},"end":{"line":420,"column":null}},"type":"if","locations":[{"start":{"line":414,"column":4},"end":{"line":420,"column":null}},{"start":{"line":416,"column":11},"end":{"line":420,"column":null}}],"line":414},"42":{"loc":{"start":{"line":416,"column":11},"end":{"line":420,"column":null}},"type":"if","locations":[{"start":{"line":416,"column":11},"end":{"line":420,"column":null}},{"start":{"line":418,"column":11},"end":{"line":420,"column":null}}],"line":416},"43":{"loc":{"start":{"line":422,"column":40},"end":{"line":422,"column":null}},"type":"cond-expr","locations":[{"start":{"line":422,"column":60},"end":{"line":422,"column":64}},{"start":{"line":422,"column":64},"end":{"line":422,"column":null}}],"line":422},"44":{"loc":{"start":{"line":423,"column":44},"end":{"line":423,"column":null}},"type":"cond-expr","locations":[{"start":{"line":423,"column":65},"end":{"line":423,"column":69}},{"start":{"line":423,"column":69},"end":{"line":423,"column":null}}],"line":423},"45":{"loc":{"start":{"line":424,"column":40},"end":{"line":424,"column":null}},"type":"cond-expr","locations":[{"start":{"line":424,"column":60},"end":{"line":424,"column":64}},{"start":{"line":424,"column":64},"end":{"line":424,"column":null}}],"line":424},"46":{"loc":{"start":{"line":431,"column":4},"end":{"line":437,"column":null}},"type":"if","locations":[{"start":{"line":431,"column":4},"end":{"line":437,"column":null}},{"start":{"line":434,"column":11},"end":{"line":437,"column":null}}],"line":431},"47":{"loc":{"start":{"line":434,"column":11},"end":{"line":437,"column":null}},"type":"if","locations":[{"start":{"line":434,"column":11},"end":{"line":437,"column":null}},{"start":{},"end":{}}],"line":434},"48":{"loc":{"start":{"line":441,"column":21},"end":{"line":441,"column":73}},"type":"binary-expr","locations":[{"start":{"line":441,"column":21},"end":{"line":441,"column":45}},{"start":{"line":441,"column":45},"end":{"line":441,"column":73}}],"line":441},"49":{"loc":{"start":{"line":449,"column":20},"end":{"line":449,"column":null}},"type":"binary-expr","locations":[{"start":{"line":449,"column":20},"end":{"line":449,"column":36}},{"start":{"line":449,"column":36},"end":{"line":449,"column":null}}],"line":449},"50":{"loc":{"start":{"line":456,"column":27},"end":{"line":456,"column":null}},"type":"binary-expr","locations":[{"start":{"line":456,"column":27},"end":{"line":456,"column":44}},{"start":{"line":456,"column":44},"end":{"line":456,"column":null}}],"line":456},"51":{"loc":{"start":{"line":477,"column":4},"end":{"line":482,"column":null}},"type":"if","locations":[{"start":{"line":477,"column":4},"end":{"line":482,"column":null}},{"start":{},"end":{}}],"line":477},"52":{"loc":{"start":{"line":527,"column":2},"end":{"line":528,"column":null}},"type":"if","locations":[{"start":{"line":527,"column":2},"end":{"line":528,"column":null}},{"start":{"line":528,"column":7},"end":{"line":528,"column":null}}],"line":527},"53":{"loc":{"start":{"line":528,"column":7},"end":{"line":528,"column":null}},"type":"if","locations":[{"start":{"line":528,"column":7},"end":{"line":528,"column":null}},{"start":{},"end":{}}],"line":528},"54":{"loc":{"start":{"line":531,"column":21},"end":{"line":531,"column":null}},"type":"cond-expr","locations":[{"start":{"line":531,"column":42},"end":{"line":531,"column":46}},{"start":{"line":531,"column":46},"end":{"line":531,"column":null}}],"line":531},"55":{"loc":{"start":{"line":531,"column":46},"end":{"line":531,"column":null}},"type":"cond-expr","locations":[{"start":{"line":531,"column":67},"end":{"line":531,"column":71}},{"start":{"line":531,"column":71},"end":{"line":531,"column":null}}],"line":531},"56":{"loc":{"start":{"line":532,"column":13},"end":{"line":532,"column":33}},"type":"binary-expr","locations":[{"start":{"line":532,"column":13},"end":{"line":532,"column":28}},{"start":{"line":532,"column":28},"end":{"line":532,"column":33}}],"line":532},"57":{"loc":{"start":{"line":535,"column":13},"end":{"line":535,"column":35}},"type":"binary-expr","locations":[{"start":{"line":535,"column":13},"end":{"line":535,"column":30}},{"start":{"line":535,"column":30},"end":{"line":535,"column":35}}],"line":535},"58":{"loc":{"start":{"line":538,"column":2},"end":{"line":540,"column":null}},"type":"if","locations":[{"start":{"line":538,"column":2},"end":{"line":540,"column":null}},{"start":{},"end":{}}],"line":538},"59":{"loc":{"start":{"line":538,"column":6},"end":{"line":538,"column":53}},"type":"binary-expr","locations":[{"start":{"line":538,"column":6},"end":{"line":538,"column":26}},{"start":{"line":538,"column":26},"end":{"line":538,"column":53}}],"line":538},"60":{"loc":{"start":{"line":539,"column":14},"end":{"line":539,"column":null}},"type":"cond-expr","locations":[{"start":{"line":539,"column":56},"end":{"line":539,"column":60}},{"start":{"line":539,"column":60},"end":{"line":539,"column":null}}],"line":539},"61":{"loc":{"start":{"line":539,"column":14},"end":{"line":539,"column":56}},"type":"binary-expr","locations":[{"start":{"line":539,"column":14},"end":{"line":539,"column":36}},{"start":{"line":539,"column":36},"end":{"line":539,"column":56}}],"line":539},"62":{"loc":{"start":{"line":543,"column":2},"end":{"line":543,"column":null}},"type":"if","locations":[{"start":{"line":543,"column":2},"end":{"line":543,"column":null}},{"start":{},"end":{}}],"line":543},"63":{"loc":{"start":{"line":546,"column":13},"end":{"line":546,"column":42}},"type":"binary-expr","locations":[{"start":{"line":546,"column":13},"end":{"line":546,"column":37}},{"start":{"line":546,"column":37},"end":{"line":546,"column":42}}],"line":546},"64":{"loc":{"start":{"line":549,"column":13},"end":{"line":549,"column":39}},"type":"binary-expr","locations":[{"start":{"line":549,"column":13},"end":{"line":549,"column":34}},{"start":{"line":549,"column":34},"end":{"line":549,"column":39}}],"line":549},"65":{"loc":{"start":{"line":550,"column":13},"end":{"line":550,"column":36}},"type":"binary-expr","locations":[{"start":{"line":550,"column":13},"end":{"line":550,"column":31}},{"start":{"line":550,"column":31},"end":{"line":550,"column":36}}],"line":550},"66":{"loc":{"start":{"line":553,"column":13},"end":{"line":553,"column":43}},"type":"binary-expr","locations":[{"start":{"line":553,"column":13},"end":{"line":553,"column":38}},{"start":{"line":553,"column":38},"end":{"line":553,"column":43}}],"line":553},"67":{"loc":{"start":{"line":554,"column":13},"end":{"line":554,"column":36}},"type":"binary-expr","locations":[{"start":{"line":554,"column":13},"end":{"line":554,"column":31}},{"start":{"line":554,"column":31},"end":{"line":554,"column":36}}],"line":554},"68":{"loc":{"start":{"line":557,"column":2},"end":{"line":559,"column":null}},"type":"if","locations":[{"start":{"line":557,"column":2},"end":{"line":559,"column":null}},{"start":{},"end":{}}],"line":557},"69":{"loc":{"start":{"line":557,"column":2},"end":{"line":557,"column":104}},"type":"binary-expr","locations":[{"start":{"line":557,"column":7},"end":{"line":557,"column":29}},{"start":{"line":557,"column":29},"end":{"line":557,"column":51}},{"start":{"line":557,"column":51},"end":{"line":557,"column":78}},{"start":{"line":557,"column":78},"end":{"line":557,"column":104}}],"line":557}},"s":{"0":1,"1":1,"2":7,"3":7,"4":1,"5":6,"6":6,"7":5,"8":3,"9":2,"10":2,"11":1,"12":1,
[...]
:20},"end":{"line":383,"column":5}},"line":378},"12":{"name":"(anonymous_12)","decl":{"start":{"line":385,"column":17},"end":{"line":385,"column":22}},"loc":{"start":{"line":385,"column":40},"end":{"line":388,"column":4}},"line":385}},"branchMap":{"0":{"loc":{"start":{"line":126,"column":2},"end":{"line":126,"column":null}},"type":"if","locations":[{"start":{"line":126,"column":2},"end":{"line":126,"column":null}},{"start":{},"end":{}}],"line":126},"1":{"loc":{"start":{"line":127,"column":2},"end":{"line":127,"column":null}},"type":"if","locations":[{"start":{"line":127,"column":2},"end":{"line":127,"column":null}},{"start":{},"end":{}}],"line":127},"2":{"loc":{"start":{"line":156,"column":2},"end":{"line":156,"column":null}},"type":"default-arg","locations":[{"start":{"line":156,"column":21},"end":{"line":156,"column":null}}],"line":156},"3":{"loc":{"start":{"line":163,"column":2},"end":{"line":165,"column":null}},"type":"if","locations":[{"start":{"line":163,"column":2},"end":{"line":165,"column":null}},{"start":{},"end":{}}],"line":163},"4":{"loc":{"start":{"line":163,"column":6},"end":{"line":163,"column":102}},"type":"binary-expr","locations":[{"start":{"line":163,"column":6},"end":{"line":163,"column":33}},{"start":{"line":163,"column":33},"end":{"line":163,"column":60}},{"start":{"line":163,"column":60},"end":{"line":163,"column":82}},{"start":{"line":163,"column":82},"end":{"line":163,"column":102}}],"line":163},"5":{"loc":{"start":{"line":171,"column":2},"end":{"line":188,"column":null}},"type":"if","locations":[{"start":{"line":171,"column":2},"end":{"line":188,"column":null}},{"start":{"line":176,"column":7},"end":{"line":188,"column":null}}],"line":171},"6":{"loc":{"start":{"line":171,"column":6},"end":{"line":171,"column":58}},"type":"binary-expr","locations":[{"start":{"line":171,"column":6},"end":{"line":171,"column":33}},{"start":{"line":171,"column":33},"end":{"line":171,"column":58}}],"line":171},"7":{"loc":{"start":{"line":176,"column":7},"end":{"line":188,"column":null}},"type":"if","locations":[{"start":{"line":176,"column":7},"end":{"line":188,"column":null}},{"start":{"line":181,"column":7},"end":{"line":188,"column":null}}],"line":176},"8":{"loc":{"start":{"line":176,"column":11},"end":{"line":176,"column":105}},"type":"binary-expr","locations":[{"start":{"line":176,"column":11},"end":{"line":176,"column":50}},{"start":{"line":176,"column":50},"end":{"line":176,"column":105}}],"line":176},"9":{"loc":{"start":{"line":181,"column":7},"end":{"line":188,"column":null}},"type":"if","locations":[{"start":{"line":181,"column":7},"end":{"line":188,"column":null}},{"start":{"line":186,"column":7},"end":{"line":188,"column":null}}],"line":181},"10":{"loc":{"start":{"line":191,"column":2},"end":{"line":201,"column":null}},"type":"if","locations":[{"start":{"line":191,"column":2},"end":{"line":201,"column":null}},{"start":{"line":196,"column":9},"end":{"line":201,"column":null}}],"line":191},"11":{"loc":{"start":{"line":192,"column":23},"end":{"line":192,"column":null}},"type":"binary-expr","locations":[{"start":{"line":192,"column":23},"end":{"line":192,"column":40}},{"start":{"line":192,"column":40},"end":{"line":192,"column":null}}],"line":192},"12":{"loc":{"start":{"line":193,"column":4},"end":{"line":195,"column":null}},"type":"if","locations":[{"start":{"line":193,"column":4},"end":{"line":195,"column":null}},{"start":{},"end":{}}],"line":193},"13":{"loc":{"start":{"line":196,"column":9},"end":{"line":201,"column":null}},"type":"if","locations":[{"start":{"line":196,"column":9},"end":{"line":201,"column":null}},{"start":{},"end":{}}],"line":196},"14":{"loc":{"start":{"line":197,"column":26},"end":{"line":197,"column":null}},"type":"binary-expr","locations":[{"start":{"line":197,"column":26},"end":{"line":197,"column":45}},{"start":{"line":197,"column":45},"end":{"line":197,"column":null}}],"line":197},"15":{"loc":{"start":{"line":198,"column":4},"end":{"line":200,"column":null}},"type":"if","locations":[{"start":{"line":198,"column":4},"end":{"line":200,"column":null}},{"start":{},"end":{}}],"line":198},"16":{"loc":{"start":{"line":204,"column":2},"end":{"line":211,"column":null}},"type":"if","locations":[{"start":{"line":204,"column":2},"end":{"line":211,"column":null}},{"start":{},"end":{}}],"line":204},"17":{"loc":{"start":{"line":204,"column":6},"end":{"line":204,"column":46}},"type":"binary-expr","locations":[{"start":{"line":204,"column":6},"end":{"line":204,"column":22}},{"start":{"line":204,"column":22},"end":{"line":204,"column":46}}],"line":204},"18":{"loc":{"start":{"line":206,"column":4},"end":{"line":209,"column":null}},"type":"if","locations":[{"start":{"line":206,"column":4},"end":{"line":209,"column":null}},{"start":{},"end":{}}],"line":206},"19":{"loc":{"start":{"line":206,"column":9},"end":{"line":207,"column":67}},"type":"binary-expr","locations":[{"start":{"line":206,"column":9},"end":{"line":206,"column":36}},{"start":{"line":206,"column":36},"end":{"line":206,"column":null}},{"start":{"line":207,"column":9},"end":{"line":207,"column":37}},{"start":{"line":207,"column":37},"end":{"line":207,"column":67}}],"line":206},"20":{"loc":{"start":{"line":230,"column":2},"end":{"line":230,"column":null}},"type":"default-arg","locations":[{"start":{"line":230,"column":21},"end":{"line":230,"column":null}}],"line":230},"21":{"loc":{"start":{"line":239,"column":23},"end":{"line":240,"column":null}},"type":"binary-expr","locations":[{"start":{"line":239,"column":23},"end":{"line":239,"column":null}},{"start":{"line":240,"column":6},"end":{"line":240,"column":null}}],"line":239},"22":{"loc":{"start":{"line":242,"column":23},"end":{"line":242,"column":null}},"type":"binary-expr","locations":[{"start":{"line":242,"column":23},"end":{"line":242,"column":53}},{"start":{"line":242,"column":53},"end":{"line":242,"column":null}}],"line":242},"23":{"loc":{"start":{"line":243,"column":24},"end":{"line":247,"column":null}},"type":"cond-expr","locations":[{"start":{"line":244,"column":8},"end":{"line":244,"column":null}},{"start":{"line":245,"column":8},"end":{"line":247,"column":null}}],"line":243},"24":{"loc":{"start":{"line":245,"column":8},"end":{"line":247,"column":null}},"type":"cond-expr","locations":[{"start":{"line":246,"column":10},"end":{"line":246,"column":null}},{"start":{"line":247,"column":10},"end":{"line":247,"column":null}}],"line":245},"25":{"loc":{"start":{"line":250,"column":27},"end":{"line":250,"column":null}},"type":"binary-expr","locations":[{"start":{"line":250,"column":27},"end":{"line":250,"column":56}},{"start":{"line":250,"column":56},"end":{"line":250,"column":null}}],"line":250},"26":{"loc":{"start":{"line":251,"column":21},"end":{"line":251,"column":null}},"type":"cond-expr","locations":[{"start":{"line":251,"column":51},"end":{"line":251,"column":60}},{"start":{"line":251,"column":60},"end":{"line":251,"column":null}}],"line":251},"27":{"loc":{"start":{"line":254,"column":23},"end":{"line":254,"column":null}},"type":"binary-expr","locations":[{"start":{"line":254,"column":23},"end":{"line":254,"column":40}},{"start":{"line":254,"column":40},"end":{"line":254,"column":null}}],"line":254},"28":{"loc":{"start":{"line":257,"column":20},"end":{"line":257,"column":null}},"type":"binary-expr","locations":[{"start":{"line":257,"column":20},"end":{"line":257,"column":37}},{"start":{"line":257,"column":37},"end":{"line":257,"column":null}}],"line":257},"29":{"loc":{"start":{"line":258,"column":14},"end":{"line":258,"column":null}},"type":"binary-expr","locations":[{"start":{"line":258,"column":14},"end":{"line":258,"column":35}},{"start":{"line":258,"column":35},"end":{"line":258,"column":null}}],"line":258},"30":{"loc":{"start":{"line":286,"column":2},"end":{"line":286,"column":null}},"type":"default-arg","locations":[{"start":{"line":286,"column":23},"end":{"line":286,"column":null}}],"line":286},"31":{"loc":{"start":{"line":288,"column":2},"end":{"line":296,"column":null}},"type":"if","locations":[{"start":{"line":288,"column":2},"end":{"line":296,"column":null}},{"start":{},"end":{}}],"line":288},"32":{"loc":{"start":{"line":294,"column":14},"end":{"line":294,"column":null}},"type":"cond-expr","locations":[{"start":{"line":294,"column":31},"end":{"line":294,"column":36}},{"start":{"line":294,"column":36},"end":{"line":294,"column":null}}],"line":294},"33":{"loc":{"start":{"line":294,"column":36},"end":{"line":294,"column":null}},"type":"cond-expr","locations":[{"start":{"line":294,"column":53},"end":{"line":294,"column":57}},{"start":{"line":294,"column":57},"end":{"line":294,"column":null}}],"line":294},"34":{"loc":{"start":{"line":316,"column":4},"end":{"line":318,"column":null}},"type":"if","locations":[{"start":{"line":316,"column":4},"end":{"line":318,"column":null}},{"start":{},"end":{}}],"line":316},"35":{"loc":{"start":{"line":342,"column":4},"end":{"line":349,"column":null}},"type":"if","locations":[{"start":{"line":342,"column":4},"end":{"line":349,"column":null}},{"start":{},"end":{}}],"line":342},"36":{"loc":{"start":{"line":355,"column":4},"end":{"line":360,"column":null}},"type":"if","locations":[{"start":{"line":355,"column":4},"end":{"line":360,"column":null}},{"start":{"line":358,"column":11},"end":{"line":360,"column":null}}],"line":355},"37":{"loc":{"start":{"line":368,"column":14},"end":{"line":368,"column":null}},"type":"binary-expr","locations":[{"start":{"line":368,"column":14},"end":{"line":368,"column":43}},{"start":{"line":368,"column":43},"end":{"line":368,"column":null}}],"line":368},"38":{"loc":{"start":{"line":372,"column":16},"end":{"line":374,"column":null}},"type":"cond-expr","locations":[{"start":{"line":373,"column":10},"end":{"line":373,"column":null}},{"start":{"line":374,"column":10},"end":{"line":374,"column":null}}],"line":372},"39":{"loc":{"start":{"line":380,"column":6},"end":{"line":380,"column":null}},"type":"if","locations":[{"start":{"line":380,"column":6},"end":{"line":380,"column":null}},{"start":{},"end":{}}],"line":380},"40":{"loc":{"start":{"line":381,"column":6},"end":{"line":381,"column":null}},"type":"if","locations":[{"start":{"line":381,"column":6},"end":{"line":381,"column":null}},{"start":{},"end":{}}],"line":381}},"s":{"0":1,"1":1,"2":76,"3":57,"4":19,"5":8,"6":11,"7":13,"8":0,"9":32,"10":32,"11":32,"12":32,"13":1,"14":31,"15":31,"16":31,"17":11,"18":11,"19":20,"20":4,"21":4,"22":16,"23":9,"24":9,"25":7,"26":31,"27":4,"28":4,"29":2,"30":27,"31":1,"32":1,"33":1,"34":31,"35":5,"36":5,"37":3,"38":31,"39":61,"40":31,"41":4,"42":7,"43":7,"44":7,"45":7,"46":7,"47":7,"48":7,"49":7,"50":7,"51":7,"52":7,"53":7,"54":7,"55":8,"56":6,"57":6,"58":2,"59":30,"60":30,"61":144,"62":30,"63":0,"64":8,"65":8,"66":19,"67":16,"68":19,"69":19,"70":19,"71":19,"72":16,"73":16,"74":3,"75":8,"76":16,"77":10,"78":7,"79":3,"80":0,"81":3,"82":8,"83":16},"f":{"0":76,"1":13,"2":0,"3":32,"4":61,"5":4,"6":7,"7":8,"8":30,"9":8,"10":16,"11":10,"12":16},"b":{"0":[57,19],"1":[8,11],"2":[32],"3":[1,31],"4":[32,32,32,31],"5":[11,20],"6":[31,11],"7":[4,16],"8":[20,13],"9":[9,7],"10":[4,27],"11":[4,4],"12":[2,2],"13":[1,26],"14":[1,1],"15":[1,0],"16":[5,26],"17":[31,5],"18":[3,2],"19":[5,3,3,2],"20":[4],"21":[7,3],"22":[7,7],"23":[0,7],"24":[0,7],"25":[7,7],"26":[7,0],"27":[7,2],"28":[7,0],"29":[7,0],"30":[8],"31":[6,2],"32":[2,4],"33":[2,2],"34":[30,114],"35":[16,3],"36":[16,3],"37":[16,15],"38":[16,0],"39":[7,3],"40":[0,3]},"meta":{"lastBranch":41,"lastFunction":13,"lastStatement":84,"seen":{"s:104:57:111:Infinity":0,"s:113:40:121:Infinity":1,"f:125:9:125:24":0,"b:126:2:126:Infinity:undefined:undefined:undefined:undefined":0,"s:126:2:126:Infinity":2,"s:126:29:126:Infinity":3,"b:127:2:127:Infinity:undefined:undefined:undefined:undefined":1,"s:127:2:127:Infinity":4,"s:127:29:127:Infinity":5,"s:128:2:128:Infinity":6,"f:131:9:131:19":1,"s:132:2:132:Infinity":7,"f:138:16:138:36":2,"s:139:2:139:Infinity":8,"f:153:16:153:Infinity":3,"b:156:21:156:Infinity":2,"s:158:71:158:Infinity":9,"s:159:35:159:Infinity":10,"s:160:44:160:Infinity":11,"b:163:2:165:Infinity:undefined:undefined:undefined:undefined":3,"s:163:2:165:Infinity":12,"b:163:6:163:33:163:33:163:60:163:60:163:82:163:82:163:102":4,"s:164:4:164:Infinity":13,"s:167:26:167:Infinity":14,"s:168:26:168:Infinity":15,"b:171:2:188:Infinity:176:7:188:Infinity":5,"s:171:2:188:Infinity":16,"b:171:6:171:33:171:33:171:58":6,"s:172:4:172:Infinity":17,"s:173:4:173:Infinity":18,"b:176:7:188:Infinity:181:7:188:Infinity":7,"s:176:7:188:Infinity":19,"b:176:11:176:50:176:50:176:105":8,"s:177:4:177:Infinity":20,"s:178:4:178:Infinity":21,"b:181:7:188:Infinity:186:7:188:Infinity":9,"s:181:7:188:Infinity":22,"s:182:4:182:Infinity":23,"s:183:4:183:Infinity":24,"s:187:4:187:Infinity":25,"b:191:2:201:Infinity:196:9:201:Infinity":10,"s:191:2:201:Infinity":26,"s:192:23:192:Infinity":27,"b:192:23:192:40:192:40:192:Infinity":11,"b:193:4:195:Infinity:undefined:undefined:undefined:undefined":12,"s:193:4:195:Infinity":28,"s:194:6:194:Infinity":29,"b:196:9:201:Infinity:undefined:undefined:undefined:undefined":13,"s:196:9:201:Infinity":30,"s:197:26:197:Infinity":31,"b:197:26:197:45:197:45:197:Infinity":14,"b:198:4:200:Infinity:undefined:undefined:undefined:undefined":15,"s:198:4:200:Infinity":32,"s:199:6:199:Infinity":33,"b:204:2:211:Infinity:undefined:undefined:undefined:undefined":16,"s:204:2:211:Infinity":34,"b:204:6:204:22:204:22:204:46":17,"s:205:23:205:Infinity":35,"b:206:4:209:Infinity:undefined:undefined:undefined:undefined":18,"s:206:4:209:Infinity":36,"b:206:9:206:36:206:36:206:Infinity:207:9:207:37:207:37:207:67":19,"s:208:6:208:Infinity":37,"s:213:16:213:Infinity":38,"f:213:41:213:49":4,"s:213:62:213:73":39,"s:214:2:214:Infinity":40,"f:226:16:226:Infinity":5,"b:230:21:230:Infinity":20,"s:232:2:272:Infinity":41,"f:232:21:232:26":6,"s:233:33:233:Infinity":42,"s:235:28:235:Infinity":43,"s:236:28:236:Infinity":44,"s:238:26:238:Infinity":45,"s:239:23:240:Infinity":46,"b:239:23:239:Infinity:240:6:240:Infinity":21,"s:242:23:242:Infinity":47,"b:242:23:242:53:242:53:242:Infinity":22,"s:243:24:247:Infinity":48,"b:244:8:244:Infinity:245:8:247:Infinity":23,"b:246:10:246:Infinity:247:10:247:Infinity":24,"s:249:23:249:Infinity":49,"s:250:27:250:Infinity":50,"b:250:27:250:56:250:56:250:Infinity":25,"s:251:21:251:Infinity":51,"b:251:51:251:60:251:60:251:Infinity":26,"s:252:22:252:Infinity":52,"s:254:23:254:Infinity":53,"b:254:23:254:40:254:40:254:Infinity":27,"s:256:4:271:Infinity":54,"b:257:20:257:37:257:37:257:Infinity":28,"b:258:14:258:35:258:35:258:Infinity":29,"f:283:16:283:Infinity":7,"b:286:23:286:Infinity":30,"b:288:2:296:Infinity:undefined:undefined:undefined:undefined":31,"s:288:2:296:Infinity":55,"s:289:22:289:Infinity":56,"s:290:4:295:Infinity":57,"b:294:31:294:36:294:36:294:Infinity":32,"b:294:53:294:57:294:57:294:Infinity":33,"s:298:2:303:Infinity":58,"f:313:16:313:28":8,"s:315:2:319:Infinity":59,"s:315:15:315:43":60,"b:316:4:318:Infinity:undefined:undefined:undefined:undefined":34,"s:316:4:318:Infinity":61,"s:317:6:317:Infinity":62,"s:320:2:320:Infinity":63,"f:330:16:330:Infinity":9,"s:339:7:339:Infinity":64,"s:341:2:361:Infinity":65,"b:342:4:349:Infinity:undefined:undefined:undefined:undefined":35,"s:342:4:349:Infinity":66,"s:343:6:348:Infinity":67,"s:351:18:351:Infinity":68,"s:352:4:352:Infinity":69,"s:353:4:353:Infinity":70,"b:355:4:360:Infinity:358:11:360:Infinity":36,"s:355:4:360:Infinity":71,"s:356:6:356:Infinity":72,"s:357:6:357:Infinity":73,"s:359:6:359:Infinity":74,"s:363:52:383:Infinity":75,"f:364:5:364:10":10,"s:364:31:377:6":76,"b:368:14:368:43:368:43:368:Infinity":37,"b:373:10:373:Infinity:374:10:374:Infinity":38,"f:378:5:378:11":11,"b:380:6:380:Infinity:undefined:undefined:undefined:undefined":39,"s:380:6:380:Infinity":77,"s:380:43:380:Infinity":78,"b:381:6:381:Infinity:undefined:undefined:undefined:undefined":40,"s:381:6:381:Infinity":79,"s:381:37:381:Infinity":80,"s:382:6:382:Infinity":81,"s:385:2:388:Infinity":82,"f:385:17:385:22":12,"s:385:40:388:4":83},"fnNames":{}}}
,"F:\\GITHUB\\Match-Mind\\backend\\src\\services\\tokenService.ts": {"path":"F:\\GITHUB\\Match-Mind\\backend\\src\\services\\tokenService.ts","statementMap":{"0":{"start":{"line":19,"column":2},"end":{"line":25,"column":null}},"1":{"start":{"line":26,"column":2},"end":{"line":32,"column":null}},"2":{"start":{"line":39,"column":2},"end":{"line":39,"column":null}},"3":{"start":{"line":40,"column":2},"end":{"line":40,"column":null}}},"fnMap":{"0":{"name":"setAuthCookies","decl":{"start":{"line":18,"column":16},"end":{"line":18,"column":31}},"loc":{"start":{"line":18,"column":107},"end":{"line":33,"column":null}},"line":18},"1":{"name":"clearAuthCookies","decl":{"start":{"line":38,"column":16},"end":{"line":38,"column":33}},"loc":{"start":{"line":38,"column":54},"end":{"line":41,"column":null}},"line":38}},"branchMap":{},"s":{"0":5,"1":5,"2":0,"3":0},"f":{"0":5,"1":0},"b":{},"meta":{"lastBranch":0,"lastFunction":2,"lastStatement":4,"seen":{"f:18:16:18:31":0,"s:19:2:25:Infinity":0,"s:26:2:32:Infinity":1,"f:38:16:38:33":1,"s:39:2:39:Infinity":2,"s:40:2:40:Infinity":3},"fnNames":{}}}
,"F:\\GITHUB\\Match-Mind\\backend\\src\\utils\\AppError.ts": {"path":"F:\\GITHUB\\Match-Mind\\backend\\src\\utils\\AppError.ts","statementMap":{"0":{"start":{"line":17,"column":4},"end":{"line":17,"column":null}},"1":{"start":{"line":18,"column":4},"end":{"line":18,"column":null}},"2":{"start":{"line":19,"column":4},"end":{"line":19,"column":null}},"3":{"start":{"line":20,"column":4},"end":{"line":20,"column":null}},"4":{"start":{"line":21,"column":4},"end":{"line":21,"column":null}},"5":{"start":{"line":22,"column":4},"end":{"line":22,"column":null}}},"fnMap":{"0":{"name":"constructor","decl":{"start":{"line":16,"column":2},"end":{"line":16,"column":14}},"loc":{"start":{"line":16,"column":71},"end":{"line":23,"column":null}},"line":16}},"branchMap":{"0":{"loc":{"start":{"line":16,"column":45},"end":{"line":16,"column":71}},"type":"default-arg","locations":[{"start":{"line":16,"column":66},"end":{"line":16,"column":71}}],"line":16}},"s":{"0":0,"1":0,"2":0,"3":0,"4":0,"5":0},"f":{"0":0},"b":{"0":[0]},"meta":{"lastBranch":1,"lastFunction":1,"lastStatement":6,"seen":{"f:16:2:16:14":0,"b:16:66:16:71":0,"s:17:4:17:Infinity":0,"s:18:4:18:Infinity":1,"s:19:4:19:Infinity":2,"s:20:4:20:Infinity":3,"s:21:4:21:Infinity":4,"s:22:4:22:Infinity":5},"fnNames":{}}}
,"F:\\GITHUB\\Match-Mind\\backend\\src\\utils\\logger.ts": {"path":"F:\\GITHUB\\Match-Mind\\backend\\src\\utils\\logger.ts","statementMap":{"0":{"start":{"line":17,"column":14},"end":{"line":17,"column":null}},"1":{"start":{"line":19,"column":6},"end":{"line":41,"column":null}}},"fnMap":{},"branchMap":{"0":{"loc":{"start":{"line":17,"column":14},"end":{"line":17,"column":null}},"type":"binary-expr","locations":[{"start":{"line":17,"column":14},"end":{"line":17,"column":65}},{"start":{"line":17,"column":26},"end":{"line":17,"column":null}}],"line":17},"1":{"loc":{"start":{"line":17,"column":26},"end":{"line":17,"column":null}},"type":"cond-expr","locations":[{"start":{"line":17,"column":80},"end":{"line":17,"column":89}},{"start":{"line":17,"column":89},"end":{"line":17,"column":null}}],"line":17},"2":{"loc":{"start":{"line":22,"column":2},"end":{"line":33,"column":null}},"type":"cond-expr","locations":[{"start":{"line":23,"column":6},"end":{"line":32,"column":null}},{"start":{"line":33,"column":6},"end":{"line":33,"column":null}}],"line":22},"3":{"loc":{"start":{"line":22,"column":2},"end":{"line":22,"column":null}},"type":"binary-expr","locations":[{"start":{"line":22,"column":2},"end":{"line":22,"column":47}},{"start":{"line":22,"column":47},"end":{"line":22,"column":null}}],"line":22}},"s":{"0":7,"1":7},"f":{},"b":{"0":[7,7],"1":[0,7],"2":[0,7],"3":[7,7]},"meta":{"lastBranch":4,"lastFunction":0,"lastStatement":2,"seen":{"s:17:14:17:Infinity":0,"b:17:14:17:65:17:26:17:Infinity":0,"b:17:80:17:89:17:89:17:Infinity":1,"s:19:6:41:Infinity":1,"b:23:6:32:Infinity:33:6:33:Infinity":2,"b:22:2:22:47:22:47:22:Infinity":3},"fnNames":{}}}
}
